nohup: ignoring input
/home/user/yawarb/nested-ev-grid/.venv/lib/python3.13/site-packages/torch/autograd/graph.py:882: UserWarning: CUDA initialization: The NVIDIA driver on your system is too old (found version 12080). Please update your GPU driver by downloading and installing a new version from the URL: http://www.nvidia.com/Download/index.aspx Alternatively, go to: https://pytorch.org to install a PyTorch version that has been compiled with your version of the CUDA driver. (Triggered internally at /pytorch/c10/cuda/CUDAFunctions.cpp:119.)
  return Variable._execution_engine.run_backward(  # Calls into the C++ engine to run the backward pass
ep   0 cost=$139 vmin=0.9501 viol=0.0% SQ=0.857
ep  10 cost=$140 vmin=0.9528 viol=0.0% SQ=0.788
ep  20 cost=$131 vmin=0.9535 viol=0.0% SQ=0.784
ep  30 cost=$129 vmin=0.9529 viol=0.0% SQ=0.789
ep  40 cost=$135 vmin=0.9498 viol=0.1% SQ=0.799
ep  50 cost=$125 vmin=0.9527 viol=0.0% SQ=0.791
ep  60 cost=$141 vmin=0.9498 viol=0.1% SQ=0.803
ep  70 cost=$142 vmin=0.9512 viol=0.0% SQ=0.794
ep  80 cost=$130 vmin=0.9512 viol=0.0% SQ=0.792
ep  90 cost=$139 vmin=0.9516 viol=0.0% SQ=0.803
ep 100 cost=$125 vmin=0.9539 viol=0.0% SQ=0.777
ep 110 cost=$121 vmin=0.9523 viol=0.0% SQ=0.765
ep 120 cost=$136 vmin=0.9514 viol=0.0% SQ=0.814
ep 130 cost=$137 vmin=0.9511 viol=0.0% SQ=0.789
ep 140 cost=$130 vmin=0.9502 viol=0.0% SQ=0.759
ep 150 cost=$136 vmin=0.9521 viol=0.0% SQ=0.798
ep 160 cost=$140 vmin=0.9489 viol=0.1% SQ=0.836
ep 170 cost=$122 vmin=0.9519 viol=0.0% SQ=0.775
ep 180 cost=$118 vmin=0.9533 viol=0.0% SQ=0.776
ep 190 cost=$142 vmin=0.9522 viol=0.0% SQ=0.807
ep 200 cost=$120 vmin=0.9529 viol=0.0% SQ=0.760
ep 210 cost=$127 vmin=0.9519 viol=0.0% SQ=0.771
ep 220 cost=$125 vmin=0.9528 viol=0.0% SQ=0.828
ep 230 cost=$134 vmin=0.9503 viol=0.0% SQ=0.782
ep 240 cost=$131 vmin=0.9517 viol=0.0% SQ=0.759
ep 250 cost=$126 vmin=0.9515 viol=0.0% SQ=0.797
ep 260 cost=$127 vmin=0.9541 viol=0.0% SQ=0.785
ep 270 cost=$145 vmin=0.9527 viol=0.0% SQ=0.810
ep 280 cost=$136 vmin=0.9519 viol=0.0% SQ=0.776
ep 290 cost=$130 vmin=0.9524 viol=0.0% SQ=0.807
ep 300 cost=$138 vmin=0.9504 viol=0.0% SQ=0.781
ep 310 cost=$132 vmin=0.9506 viol=0.0% SQ=0.745
ep 320 cost=$118 vmin=0.9522 viol=0.0% SQ=0.769
ep 330 cost=$133 vmin=0.9524 viol=0.0% SQ=0.784
ep 340 cost=$124 vmin=0.9527 viol=0.0% SQ=0.764
ep 350 cost=$141 vmin=0.9513 viol=0.0% SQ=0.811
ep 360 cost=$123 vmin=0.9526 viol=0.0% SQ=0.779
ep 370 cost=$133 vmin=0.9513 viol=0.0% SQ=0.803
ep 380 cost=$118 vmin=0.9533 viol=0.0% SQ=0.751
ep 390 cost=$125 vmin=0.9521 viol=0.0% SQ=0.780
ep 400 cost=$136 vmin=0.9515 viol=0.0% SQ=0.789
ep 410 cost=$112 vmin=0.9529 viol=0.0% SQ=0.763
ep 420 cost=$142 vmin=0.9525 viol=0.0% SQ=0.784
ep 430 cost=$142 vmin=0.9527 viol=0.0% SQ=0.792
ep 440 cost=$131 vmin=0.9521 viol=0.0% SQ=0.793
ep 450 cost=$139 vmin=0.9523 viol=0.0% SQ=0.789
ep 460 cost=$146 vmin=0.9525 viol=0.0% SQ=0.796
ep 470 cost=$139 vmin=0.9518 viol=0.0% SQ=0.842
ep 480 cost=$138 vmin=0.9524 viol=0.0% SQ=0.755
ep 490 cost=$137 vmin=0.9521 viol=0.0% SQ=0.789
ep 500 cost=$133 vmin=0.9511 viol=0.0% SQ=0.765
ep 510 cost=$126 vmin=0.9512 viol=0.0% SQ=0.805
ep 520 cost=$136 vmin=0.9517 viol=0.0% SQ=0.771
ep 530 cost=$132 vmin=0.9488 viol=0.1% SQ=0.823
ep 540 cost=$138 vmin=0.9503 viol=0.0% SQ=0.781
ep 550 cost=$118 vmin=0.9532 viol=0.0% SQ=0.784
ep 560 cost=$132 vmin=0.9518 viol=0.0% SQ=0.780
ep 570 cost=$113 vmin=0.9539 viol=0.0% SQ=0.741
ep 580 cost=$140 vmin=0.9527 viol=0.0% SQ=0.820
ep 590 cost=$124 vmin=0.9519 viol=0.0% SQ=0.765
done: results/cpo_ieee33_nrel_s0
