nohup: ignoring input
/home/user/yawarb/nested-ev-grid/.venv/lib/python3.13/site-packages/torch/autograd/graph.py:882: UserWarning: CUDA initialization: The NVIDIA driver on your system is too old (found version 12080). Please update your GPU driver by downloading and installing a new version from the URL: http://www.nvidia.com/Download/index.aspx Alternatively, go to: https://pytorch.org to install a PyTorch version that has been compiled with your version of the CUDA driver. (Triggered internally at /pytorch/c10/cuda/CUDAFunctions.cpp:119.)
  return Variable._execution_engine.run_backward(  # Calls into the C++ engine to run the backward pass
ep   0 stage0 cost=$29 vmin=0.9556 Qact=0.00 curt=0.0 
ep  10 stage0 cost=$47 vmin=0.9550 Qact=0.00 curt=0.0 
ep  20 stage0 cost=$62 vmin=0.9521 Qact=0.00 curt=0.0 
ep  25 stage1 cost=$55 vmin=0.9541 Qact=0.00 curt=0.0 -> ADVANCED
ep  30 stage1 cost=$111 vmin=0.9504 Qact=0.00 curt=0.0 
ep  40 stage1 cost=$78 vmin=0.9530 Qact=0.00 curt=0.0 
ep  45 stage2 cost=$136 vmin=0.9515 Qact=0.00 curt=0.0 -> ADVANCED
ep  50 stage2 cost=$161 vmin=0.9500 Qact=0.00 curt=0.0 
ep  60 stage2 cost=$148 vmin=0.9517 Qact=0.00 curt=0.0 
ep  65 stage3 cost=$125 vmin=0.9514 Qact=0.00 curt=0.0 -> ADVANCED
ep  70 stage3 cost=$176 vmin=0.9521 Qact=0.00 curt=0.0 
ep  80 stage3 cost=$226 vmin=0.9501 Qact=0.01 curt=0.0 
ep  85 stage4 cost=$188 vmin=0.9500 Qact=0.00 curt=0.0 -> ADVANCED
ep  90 stage4 cost=$192 vmin=0.9524 Qact=0.00 curt=0.0 
ep 100 stage4 cost=$232 vmin=0.9501 Qact=0.00 curt=0.0 
ep 110 stage4 cost=$244 vmin=0.9500 Qact=0.02 curt=0.0 
ep 120 stage4 cost=$234 vmin=0.9500 Qact=0.01 curt=0.0 
ep 130 stage4 cost=$265 vmin=0.9502 Qact=0.01 curt=0.0 
ep 140 stage4 cost=$274 vmin=0.9505 Qact=0.00 curt=0.0 
ep 150 stage4 cost=$238 vmin=0.9500 Qact=0.01 curt=0.0 
ep 160 stage4 cost=$317 vmin=0.9500 Qact=0.03 curt=3.1 
ep 170 stage4 cost=$283 vmin=0.9500 Qact=0.03 curt=1.5 
ep 180 stage4 cost=$371 vmin=0.9500 Qact=0.03 curt=8.5 
ep 190 stage4 cost=$334 vmin=0.9502 Qact=0.01 curt=0.0 
ep 200 stage4 cost=$338 vmin=0.9500 Qact=0.02 curt=0.0 
ep 210 stage4 cost=$317 vmin=0.9501 Qact=0.01 curt=0.0 
ep 220 stage4 cost=$343 vmin=0.9500 Qact=0.02 curt=1.1 
ep 230 stage4 cost=$321 vmin=0.9501 Qact=0.00 curt=0.0 
ep 240 stage4 cost=$325 vmin=0.9501 Qact=0.04 curt=0.0 
ep 250 stage4 cost=$324 vmin=0.9506 Qact=0.00 curt=0.0 
ep 260 stage4 cost=$326 vmin=0.9500 Qact=0.02 curt=0.0 
ep 270 stage4 cost=$328 vmin=0.9500 Qact=0.02 curt=0.0 
ep 280 stage4 cost=$309 vmin=0.9500 Qact=0.00 curt=0.0 
ep 290 stage4 cost=$343 vmin=0.9500 Qact=0.02 curt=0.0 
ep 300 stage4 cost=$347 vmin=0.9501 Qact=0.02 curt=3.5 
ep 310 stage4 cost=$355 vmin=0.9500 Qact=0.04 curt=4.9 
ep 320 stage4 cost=$357 vmin=0.9500 Qact=0.01 curt=1.2 
ep 330 stage4 cost=$330 vmin=0.9501 Qact=0.03 curt=3.9 
ep 340 stage4 cost=$332 vmin=0.9500 Qact=0.01 curt=0.0 
ep 350 stage4 cost=$336 vmin=0.9501 Qact=0.01 curt=0.0 
ep 360 stage4 cost=$345 vmin=0.9501 Qact=0.01 curt=0.0 
ep 370 stage4 cost=$341 vmin=0.9500 Qact=0.03 curt=1.5 
ep 380 stage4 cost=$330 vmin=0.9501 Qact=0.00 curt=0.0 
ep 390 stage4 cost=$351 vmin=0.9500 Qact=0.03 curt=2.8 
ep 400 stage4 cost=$330 vmin=0.9500 Qact=0.02 curt=1.4 
ep 410 stage4 cost=$335 vmin=0.9500 Qact=0.02 curt=0.0 
ep 420 stage4 cost=$366 vmin=0.9501 Qact=0.04 curt=1.4 
ep 430 stage4 cost=$355 vmin=0.9501 Qact=0.01 curt=0.0 
ep 440 stage4 cost=$318 vmin=0.9500 Qact=0.03 curt=0.0 
ep 450 stage4 cost=$339 vmin=0.9500 Qact=0.02 curt=1.2 
ep 460 stage4 cost=$311 vmin=0.9503 Qact=0.00 curt=0.0 
ep 470 stage4 cost=$346 vmin=0.9500 Qact=0.02 curt=1.2 
ep 480 stage4 cost=$340 vmin=0.9500 Qact=0.03 curt=4.6 
ep 490 stage4 cost=$337 vmin=0.9500 Qact=0.02 curt=2.3 
ep 500 stage4 cost=$345 vmin=0.9501 Qact=0.01 curt=0.0 
ep 510 stage4 cost=$347 vmin=0.9500 Qact=0.02 curt=1.1 
ep 520 stage4 cost=$345 vmin=0.9500 Qact=0.03 curt=12.1 
ep 530 stage4 cost=$336 vmin=0.9500 Qact=0.02 curt=1.9 
ep 540 stage4 cost=$334 vmin=0.9501 Qact=0.04 curt=29.4 
ep 550 stage4 cost=$343 vmin=0.9500 Qact=0.02 curt=2.7 
ep 560 stage4 cost=$324 vmin=0.9500 Qact=0.01 curt=0.0 
ep 570 stage4 cost=$359 vmin=0.9500 Qact=0.06 curt=18.9 
ep 580 stage4 cost=$311 vmin=0.9500 Qact=0.00 curt=0.0 
ep 590 stage4 cost=$307 vmin=0.9500 Qact=0.04 curt=3.5 
{"done": true, "out": "results/nested_ieee33_nrel_s2"}
