nohup: ignoring input
/home/user/yawarb/nested-ev-grid/.venv/lib/python3.13/site-packages/torch/autograd/graph.py:882: UserWarning: CUDA initialization: The NVIDIA driver on your system is too old (found version 12080). Please update your GPU driver by downloading and installing a new version from the URL: http://www.nvidia.com/Download/index.aspx Alternatively, go to: https://pytorch.org to install a PyTorch version that has been compiled with your version of the CUDA driver. (Triggered internally at /pytorch/c10/cuda/CUDAFunctions.cpp:119.)
  return Variable._execution_engine.run_backward(  # Calls into the C++ engine to run the backward pass
ep   0 cost=$134 vmin=0.9505 viol=0.0% SQ=0.847
ep  10 cost=$150 vmin=0.9528 viol=0.0% SQ=0.762
ep  20 cost=$89 vmin=0.9549 viol=0.0% SQ=0.624
ep  30 cost=$240 vmin=0.9497 viol=0.2% SQ=0.929
ep  40 cost=$215 vmin=0.9453 viol=1.8% SQ=0.824
ep  50 cost=$156 vmin=0.9505 viol=0.0% SQ=0.807
ep  60 cost=$184 vmin=0.9481 viol=0.3% SQ=0.881
ep  70 cost=$192 vmin=0.9499 viol=0.2% SQ=0.863
ep  80 cost=$172 vmin=0.9504 viol=0.0% SQ=0.837
ep  90 cost=$234 vmin=0.9488 viol=0.5% SQ=0.820
ep 100 cost=$224 vmin=0.9483 viol=0.3% SQ=0.896
ep 110 cost=$210 vmin=0.9495 viol=0.1% SQ=0.831
ep 120 cost=$92 vmin=0.9541 viol=0.0% SQ=0.767
ep 130 cost=$143 vmin=0.9495 viol=0.1% SQ=0.753
ep 140 cost=$125 vmin=0.9504 viol=0.0% SQ=0.719
ep 150 cost=$130 vmin=0.9533 viol=0.0% SQ=0.796
ep 160 cost=$71 vmin=0.9545 viol=0.0% SQ=0.724
ep 170 cost=$80 vmin=0.9545 viol=0.0% SQ=0.692
ep 180 cost=$103 vmin=0.9541 viol=0.0% SQ=0.686
ep 190 cost=$110 vmin=0.9536 viol=0.0% SQ=0.723
ep 200 cost=$85 vmin=0.9542 viol=0.0% SQ=0.644
ep 210 cost=$179 vmin=0.9481 viol=0.5% SQ=0.804
ep 220 cost=$135 vmin=0.9513 viol=0.0% SQ=0.735
ep 230 cost=$180 vmin=0.9470 viol=2.8% SQ=0.721
ep 240 cost=$185 vmin=0.9498 viol=0.1% SQ=0.780
ep 250 cost=$152 vmin=0.9501 viol=0.0% SQ=0.797
ep 260 cost=$112 vmin=0.9536 viol=0.0% SQ=0.867
ep 270 cost=$160 vmin=0.9536 viol=0.0% SQ=0.835
ep 280 cost=$117 vmin=0.9513 viol=0.0% SQ=0.788
ep 290 cost=$112 vmin=0.9539 viol=0.0% SQ=0.801
ep 300 cost=$170 vmin=0.9503 viol=0.0% SQ=0.875
ep 310 cost=$244 vmin=0.9458 viol=1.5% SQ=0.865
ep 320 cost=$139 vmin=0.9530 viol=0.0% SQ=0.839
ep 330 cost=$117 vmin=0.9520 viol=0.0% SQ=0.803
ep 340 cost=$109 vmin=0.9520 viol=0.0% SQ=0.820
ep 350 cost=$136 vmin=0.9526 viol=0.0% SQ=0.758
ep 360 cost=$205 vmin=0.9512 viol=0.0% SQ=0.909
ep 370 cost=$226 vmin=0.9494 viol=0.1% SQ=0.891
ep 380 cost=$178 vmin=0.9519 viol=0.0% SQ=0.820
ep 390 cost=$188 vmin=0.9498 viol=0.1% SQ=0.859
ep 400 cost=$139 vmin=0.9503 viol=0.0% SQ=0.802
ep 410 cost=$115 vmin=0.9539 viol=0.0% SQ=0.720
ep 420 cost=$136 vmin=0.9536 viol=0.0% SQ=0.702
ep 430 cost=$132 vmin=0.9531 viol=0.0% SQ=0.748
ep 440 cost=$114 vmin=0.9518 viol=0.0% SQ=0.710
ep 450 cost=$190 vmin=0.9502 viol=0.0% SQ=0.828
ep 460 cost=$188 vmin=0.9510 viol=0.0% SQ=0.841
ep 470 cost=$191 vmin=0.9505 viol=0.0% SQ=0.872
ep 480 cost=$182 vmin=0.9501 viol=0.0% SQ=0.796
ep 490 cost=$128 vmin=0.9516 viol=0.0% SQ=0.743
ep 500 cost=$128 vmin=0.9521 viol=0.0% SQ=0.726
ep 510 cost=$147 vmin=0.9504 viol=0.0% SQ=0.767
ep 520 cost=$152 vmin=0.9502 viol=0.0% SQ=0.806
ep 530 cost=$186 vmin=0.9469 viol=0.3% SQ=0.826
ep 540 cost=$196 vmin=0.9478 viol=0.3% SQ=0.845
ep 550 cost=$190 vmin=0.9501 viol=0.0% SQ=0.868
ep 560 cost=$121 vmin=0.9529 viol=0.0% SQ=0.697
ep 570 cost=$187 vmin=0.9494 viol=0.2% SQ=0.816
ep 580 cost=$198 vmin=0.9512 viol=0.0% SQ=0.841
ep 590 cost=$182 vmin=0.9509 viol=0.0% SQ=0.852
done: results/flat_ddpg_ieee33_nrel_s0
