nohup: ignoring input
/home/user/yawarb/nested-ev-grid/.venv/lib/python3.13/site-packages/torch/autograd/graph.py:882: UserWarning: CUDA initialization: The NVIDIA driver on your system is too old (found version 12080). Please update your GPU driver by downloading and installing a new version from the URL: http://www.nvidia.com/Download/index.aspx Alternatively, go to: https://pytorch.org to install a PyTorch version that has been compiled with your version of the CUDA driver. (Triggered internally at /pytorch/c10/cuda/CUDAFunctions.cpp:119.)
  return Variable._execution_engine.run_backward(  # Calls into the C++ engine to run the backward pass
ep   0 stage0 cost=$36 vmin=0.9548 Qact=0.00 curt=0.0 
ep  10 stage0 cost=$27 vmin=0.9553 Qact=0.00 curt=0.0 
ep  20 stage0 cost=$46 vmin=0.9548 Qact=0.00 curt=0.0 
ep  30 stage1 cost=$39 vmin=0.9546 Qact=0.00 curt=0.0 -> ADVANCED
ep  40 stage1 cost=$96 vmin=0.9508 Qact=0.00 curt=0.0 
ep  50 stage2 cost=$87 vmin=0.9519 Qact=0.00 curt=0.0 -> ADVANCED
ep  60 stage2 cost=$114 vmin=0.9532 Qact=0.00 curt=0.0 
ep  70 stage3 cost=$159 vmin=0.9500 Qact=0.00 curt=0.0 -> ADVANCED
ep  80 stage3 cost=$134 vmin=0.9527 Qact=0.00 curt=0.0 
ep  90 stage4 cost=$158 vmin=0.9509 Qact=0.00 curt=0.0 -> ADVANCED
ep 100 stage4 cost=$122 vmin=0.9516 Qact=0.00 curt=0.0 
ep 110 stage4 cost=$154 vmin=0.9541 Qact=0.00 curt=0.0 
ep 120 stage4 cost=$136 vmin=0.9541 Qact=0.00 curt=0.0 
ep 130 stage4 cost=$195 vmin=0.9506 Qact=0.02 curt=20.9 
ep 140 stage4 cost=$158 vmin=0.9505 Qact=0.00 curt=0.0 
ep 150 stage4 cost=$201 vmin=0.9500 Qact=0.01 curt=0.0 
ep 160 stage4 cost=$186 vmin=0.9502 Qact=0.04 curt=3.8 
ep 170 stage4 cost=$190 vmin=0.9501 Qact=0.00 curt=0.0 
ep 180 stage4 cost=$185 vmin=0.9502 Qact=0.03 curt=12.1 
ep 190 stage4 cost=$210 vmin=0.9500 Qact=0.01 curt=0.0 
ep 200 stage4 cost=$174 vmin=0.9500 Qact=0.00 curt=0.0 
ep 210 stage4 cost=$144 vmin=0.9504 Qact=0.00 curt=0.0 
ep 220 stage4 cost=$157 vmin=0.9530 Qact=0.00 curt=0.0 
ep 230 stage4 cost=$142 vmin=0.9536 Qact=0.00 curt=0.0 
ep 240 stage4 cost=$206 vmin=0.9501 Qact=0.01 curt=0.0 
ep 250 stage4 cost=$196 vmin=0.9501 Qact=0.01 curt=1.1 
ep 260 stage4 cost=$225 vmin=0.9501 Qact=0.00 curt=0.0 
ep 270 stage4 cost=$281 vmin=0.9501 Qact=0.01 curt=0.9 
ep 280 stage4 cost=$254 vmin=0.9500 Qact=0.01 curt=0.0 
ep 290 stage4 cost=$328 vmin=0.9500 Qact=0.05 curt=21.5 
ep 300 stage4 cost=$311 vmin=0.9501 Qact=0.04 curt=6.5 
ep 310 stage4 cost=$327 vmin=0.9501 Qact=0.01 curt=5.7 
ep 320 stage4 cost=$336 vmin=0.9500 Qact=0.01 curt=0.0 
ep 330 stage4 cost=$299 vmin=0.9500 Qact=0.03 curt=5.3 
ep 340 stage4 cost=$301 vmin=0.9500 Qact=0.02 curt=1.0 
ep 350 stage4 cost=$237 vmin=0.9501 Qact=0.01 curt=3.0 
ep 360 stage4 cost=$346 vmin=0.9500 Qact=0.04 curt=16.4 
ep 370 stage4 cost=$303 vmin=0.9501 Qact=0.01 curt=0.0 
ep 380 stage4 cost=$295 vmin=0.9501 Qact=0.03 curt=5.9 
ep 390 stage4 cost=$221 vmin=0.9501 Qact=0.02 curt=0.0 
ep 400 stage4 cost=$336 vmin=0.9500 Qact=0.02 curt=1.1 
ep 410 stage4 cost=$333 vmin=0.9500 Qact=0.02 curt=1.1 
ep 420 stage4 cost=$343 vmin=0.9501 Qact=0.03 curt=13.3 
ep 430 stage4 cost=$314 vmin=0.9500 Qact=0.02 curt=11.5 
ep 440 stage4 cost=$303 vmin=0.9500 Qact=0.01 curt=0.0 
ep 450 stage4 cost=$232 vmin=0.9501 Qact=0.00 curt=0.0 
ep 460 stage4 cost=$273 vmin=0.9502 Qact=0.01 curt=0.0 
ep 470 stage4 cost=$316 vmin=0.9501 Qact=0.01 curt=1.0 
ep 480 stage4 cost=$240 vmin=0.9500 Qact=0.01 curt=0.0 
ep 490 stage4 cost=$282 vmin=0.9500 Qact=0.03 curt=5.3 
ep 500 stage4 cost=$326 vmin=0.9501 Qact=0.01 curt=0.0 
ep 510 stage4 cost=$354 vmin=0.9501 Qact=0.04 curt=17.8 
ep 520 stage4 cost=$359 vmin=0.9500 Qact=0.02 curt=2.2 
ep 530 stage4 cost=$333 vmin=0.9500 Qact=0.06 curt=15.6 
ep 540 stage4 cost=$337 vmin=0.9500 Qact=0.01 curt=3.0 
ep 550 stage4 cost=$355 vmin=0.9500 Qact=0.01 curt=2.6 
ep 560 stage4 cost=$309 vmin=0.9500 Qact=0.01 curt=3.2 
ep 570 stage4 cost=$319 vmin=0.9500 Qact=0.02 curt=3.3 
ep 580 stage4 cost=$266 vmin=0.9500 Qact=0.01 curt=1.9 
ep 590 stage4 cost=$245 vmin=0.9501 Qact=0.01 curt=0.0 
{"done": true, "out": "results/nested_ieee33_nrel_s1"}
