nohup: ignoring input
/home/user/yawarb/nested-ev-grid/.venv/lib/python3.13/site-packages/torch/autograd/graph.py:882: UserWarning: CUDA initialization: The NVIDIA driver on your system is too old (found version 12080). Please update your GPU driver by downloading and installing a new version from the URL: http://www.nvidia.com/Download/index.aspx Alternatively, go to: https://pytorch.org to install a PyTorch version that has been compiled with your version of the CUDA driver. (Triggered internally at /pytorch/c10/cuda/CUDAFunctions.cpp:119.)
  return Variable._execution_engine.run_backward(  # Calls into the C++ engine to run the backward pass
ep   0 stage0 cost=$29 vmin=0.9555 Qact=0.00 curt=0.0 
ep  10 stage0 cost=$38 vmin=0.9547 Qact=0.00 curt=0.0 
ep  20 stage0 cost=$42 vmin=0.9543 Qact=0.00 curt=0.0 
ep  30 stage0 cost=$34 vmin=0.9555 Qact=0.00 curt=0.0 
ep  40 stage0 cost=$33 vmin=0.9550 Qact=0.00 curt=0.0 
ep  50 stage0 cost=$30 vmin=0.9545 Qact=0.00 curt=0.0 
ep  60 stage0 cost=$29 vmin=0.9541 Qact=0.00 curt=0.0 
ep  70 stage0 cost=$43 vmin=0.9544 Qact=0.00 curt=0.0 
ep  80 stage0 cost=$46 vmin=0.9539 Qact=0.00 curt=0.0 
ep  81 stage1 cost=$39 vmin=0.9544 Qact=0.00 curt=0.0 -> ADVANCED
ep  90 stage1 cost=$77 vmin=0.9510 Qact=0.00 curt=0.0 
ep 100 stage1 cost=$90 vmin=0.9521 Qact=0.00 curt=0.0 
ep 101 stage2 cost=$94 vmin=0.9515 Qact=0.00 curt=0.0 -> ADVANCED
ep 110 stage2 cost=$122 vmin=0.9503 Qact=0.00 curt=0.0 
ep 120 stage2 cost=$135 vmin=0.9503 Qact=0.00 curt=0.0 
ep 121 stage3 cost=$134 vmin=0.9521 Qact=0.00 curt=0.0 -> ADVANCED
ep 130 stage3 cost=$171 vmin=0.9501 Qact=0.01 curt=0.0 
ep 140 stage3 cost=$156 vmin=0.9508 Qact=0.00 curt=0.0 
ep 141 stage4 cost=$176 vmin=0.9503 Qact=0.00 curt=0.0 -> ADVANCED
ep 150 stage4 cost=$180 vmin=0.9501 Qact=0.00 curt=0.0 
ep 160 stage4 cost=$187 vmin=0.9502 Qact=0.03 curt=0.9 
ep 170 stage4 cost=$158 vmin=0.9506 Qact=0.01 curt=0.0 
ep 180 stage4 cost=$168 vmin=0.9502 Qact=0.00 curt=0.0 
ep 190 stage4 cost=$182 vmin=0.9501 Qact=0.00 curt=0.0 
ep 200 stage4 cost=$169 vmin=0.9508 Qact=0.00 curt=0.0 
ep 210 stage4 cost=$164 vmin=0.9501 Qact=0.00 curt=0.0 
ep 220 stage4 cost=$187 vmin=0.9501 Qact=0.00 curt=0.0 
ep 230 stage4 cost=$210 vmin=0.9501 Qact=0.02 curt=0.0 
ep 240 stage4 cost=$263 vmin=0.9500 Qact=0.00 curt=0.0 
ep 250 stage4 cost=$308 vmin=0.9500 Qact=0.02 curt=0.0 
ep 260 stage4 cost=$308 vmin=0.9501 Qact=0.00 curt=0.0 
ep 270 stage4 cost=$301 vmin=0.9500 Qact=0.02 curt=0.0 
ep 280 stage4 cost=$241 vmin=0.9500 Qact=0.01 curt=0.0 
ep 290 stage4 cost=$303 vmin=0.9502 Qact=0.01 curt=0.0 
ep 300 stage4 cost=$311 vmin=0.9501 Qact=0.02 curt=1.1 
ep 310 stage4 cost=$308 vmin=0.9500 Qact=0.02 curt=1.1 
ep 320 stage4 cost=$330 vmin=0.9500 Qact=0.02 curt=2.8 
ep 330 stage4 cost=$331 vmin=0.9501 Qact=0.01 curt=2.4 
ep 340 stage4 cost=$324 vmin=0.9500 Qact=0.03 curt=1.2 
ep 350 stage4 cost=$317 vmin=0.9500 Qact=0.01 curt=0.0 
ep 360 stage4 cost=$333 vmin=0.9500 Qact=0.02 curt=0.0 
ep 370 stage4 cost=$336 vmin=0.9501 Qact=0.00 curt=0.0 
ep 380 stage4 cost=$311 vmin=0.9502 Qact=0.00 curt=0.0 
ep 390 stage4 cost=$339 vmin=0.9500 Qact=0.02 curt=0.0 
ep 400 stage4 cost=$349 vmin=0.9500 Qact=0.02 curt=1.0 
ep 410 stage4 cost=$327 vmin=0.9500 Qact=0.01 curt=2.1 
ep 420 stage4 cost=$360 vmin=0.9501 Qact=0.02 curt=3.7 
ep 430 stage4 cost=$356 vmin=0.9500 Qact=0.01 curt=1.3 
ep 440 stage4 cost=$339 vmin=0.9500 Qact=0.02 curt=1.0 
ep 450 stage4 cost=$346 vmin=0.9500 Qact=0.02 curt=1.0 
ep 460 stage4 cost=$364 vmin=0.9500 Qact=0.00 curt=1.3 
ep 470 stage4 cost=$350 vmin=0.9500 Qact=0.03 curt=3.5 
ep 480 stage4 cost=$358 vmin=0.9500 Qact=0.03 curt=6.6 
ep 490 stage4 cost=$361 vmin=0.9500 Qact=0.02 curt=2.3 
ep 500 stage4 cost=$339 vmin=0.9500 Qact=0.04 curt=0.0 
ep 510 stage4 cost=$355 vmin=0.9500 Qact=0.03 curt=2.9 
ep 520 stage4 cost=$364 vmin=0.9500 Qact=0.04 curt=4.3 
ep 530 stage4 cost=$366 vmin=0.9500 Qact=0.04 curt=27.4 
ep 540 stage4 cost=$352 vmin=0.9500 Qact=0.04 curt=3.0 
ep 550 stage4 cost=$341 vmin=0.9500 Qact=0.02 curt=7.3 
ep 560 stage4 cost=$399 vmin=0.9500 Qact=0.04 curt=27.4 
ep 570 stage4 cost=$370 vmin=0.9500 Qact=0.04 curt=1.3 
ep 580 stage4 cost=$381 vmin=0.9501 Qact=0.01 curt=0.0 
ep 590 stage4 cost=$367 vmin=0.9500 Qact=0.01 curt=1.5 
{"done": true, "out": "results/abl_flat_timescale"}
