nohup: ignoring input
/home/user/yawarb/nested-ev-grid/.venv/lib/python3.13/site-packages/torch/autograd/graph.py:882: UserWarning: CUDA initialization: The NVIDIA driver on your system is too old (found version 12080). Please update your GPU driver by downloading and installing a new version from the URL: http://www.nvidia.com/Download/index.aspx Alternatively, go to: https://pytorch.org to install a PyTorch version that has been compiled with your version of the CUDA driver. (Triggered internally at /pytorch/c10/cuda/CUDAFunctions.cpp:119.)
  return Variable._execution_engine.run_backward(  # Calls into the C++ engine to run the backward pass
ep   0 cost=$144 vmin=0.9507 viol=0.0% SQ=0.870
ep  10 cost=$156 vmin=0.9486 viol=0.1% SQ=0.729
ep  20 cost=$104 vmin=0.9524 viol=0.0% SQ=0.732
ep  30 cost=$96 vmin=0.9543 viol=0.0% SQ=0.722
ep  40 cost=$101 vmin=0.9530 viol=0.0% SQ=0.731
ep  50 cost=$110 vmin=0.9538 viol=0.0% SQ=0.757
ep  60 cost=$108 vmin=0.9522 viol=0.0% SQ=0.774
ep  70 cost=$106 vmin=0.9525 viol=0.0% SQ=0.783
ep  80 cost=$105 vmin=0.9533 viol=0.0% SQ=0.812
ep  90 cost=$106 vmin=0.9538 viol=0.0% SQ=0.776
ep 100 cost=$93 vmin=0.9520 viol=0.0% SQ=0.811
ep 110 cost=$86 vmin=0.9524 viol=0.0% SQ=0.783
ep 120 cost=$105 vmin=0.9529 viol=0.0% SQ=0.836
ep 130 cost=$100 vmin=0.9543 viol=0.0% SQ=0.841
ep 140 cost=$99 vmin=0.9540 viol=0.0% SQ=0.842
ep 150 cost=$107 vmin=0.9517 viol=0.0% SQ=0.840
ep 160 cost=$82 vmin=0.9537 viol=0.0% SQ=0.812
ep 170 cost=$104 vmin=0.9530 viol=0.0% SQ=0.782
ep 180 cost=$89 vmin=0.9535 viol=0.0% SQ=0.730
ep 190 cost=$158 vmin=0.9520 viol=0.0% SQ=0.876
ep 200 cost=$152 vmin=0.9526 viol=0.0% SQ=0.796
ep 210 cost=$147 vmin=0.9525 viol=0.0% SQ=0.853
ep 220 cost=$185 vmin=0.9519 viol=0.0% SQ=0.890
ep 230 cost=$255 vmin=0.9430 viol=7.7% SQ=0.893
ep 240 cost=$257 vmin=0.9473 viol=2.5% SQ=0.883
ep 250 cost=$129 vmin=0.9515 viol=0.0% SQ=0.747
ep 260 cost=$143 vmin=0.9527 viol=0.0% SQ=0.823
ep 270 cost=$149 vmin=0.9510 viol=0.0% SQ=0.810
ep 280 cost=$160 vmin=0.9505 viol=0.0% SQ=0.804
ep 290 cost=$153 vmin=0.9519 viol=0.0% SQ=0.792
ep 300 cost=$154 vmin=0.9501 viol=0.0% SQ=0.817
ep 310 cost=$147 vmin=0.9531 viol=0.0% SQ=0.803
ep 320 cost=$136 vmin=0.9521 viol=0.0% SQ=0.804
ep 330 cost=$191 vmin=0.9496 viol=0.1% SQ=0.855
ep 340 cost=$96 vmin=0.9544 viol=0.0% SQ=0.720
ep 350 cost=$105 vmin=0.9536 viol=0.0% SQ=0.710
ep 360 cost=$104 vmin=0.9520 viol=0.0% SQ=0.722
ep 370 cost=$106 vmin=0.9549 viol=0.0% SQ=0.748
ep 380 cost=$116 vmin=0.9524 viol=0.0% SQ=0.755
ep 390 cost=$98 vmin=0.9536 viol=0.0% SQ=0.745
ep 400 cost=$108 vmin=0.9535 viol=0.0% SQ=0.773
ep 410 cost=$102 vmin=0.9521 viol=0.0% SQ=0.819
ep 420 cost=$119 vmin=0.9523 viol=0.0% SQ=0.783
ep 430 cost=$113 vmin=0.9539 viol=0.0% SQ=0.774
ep 440 cost=$88 vmin=0.9547 viol=0.0% SQ=0.758
ep 450 cost=$98 vmin=0.9542 viol=0.0% SQ=0.782
ep 460 cost=$105 vmin=0.9546 viol=0.0% SQ=0.822
ep 470 cost=$89 vmin=0.9542 viol=0.0% SQ=0.808
ep 480 cost=$114 vmin=0.9528 viol=0.0% SQ=0.798
ep 490 cost=$98 vmin=0.9546 viol=0.0% SQ=0.834
ep 500 cost=$108 vmin=0.9554 viol=0.0% SQ=0.834
ep 510 cost=$92 vmin=0.9538 viol=0.0% SQ=0.837
ep 520 cost=$95 vmin=0.9529 viol=0.0% SQ=0.809
ep 530 cost=$105 vmin=0.9542 viol=0.0% SQ=0.808
ep 540 cost=$118 vmin=0.9526 viol=0.0% SQ=0.812
ep 550 cost=$98 vmin=0.9545 viol=0.0% SQ=0.844
ep 560 cost=$88 vmin=0.9553 viol=0.0% SQ=0.823
ep 570 cost=$94 vmin=0.9533 viol=0.0% SQ=0.847
ep 580 cost=$95 vmin=0.9530 viol=0.0% SQ=0.866
ep 590 cost=$95 vmin=0.9535 viol=0.0% SQ=0.805
done: results/hrl_ieee33_nrel_s0
