nohup: ignoring input
/home/user/yawarb/nested-ev-grid/.venv/lib/python3.13/site-packages/torch/autograd/graph.py:882: UserWarning: CUDA initialization: The NVIDIA driver on your system is too old (found version 12080). Please update your GPU driver by downloading and installing a new version from the URL: http://www.nvidia.com/Download/index.aspx Alternatively, go to: https://pytorch.org to install a PyTorch version that has been compiled with your version of the CUDA driver. (Triggered internally at /pytorch/c10/cuda/CUDAFunctions.cpp:119.)
  return Variable._execution_engine.run_backward(  # Calls into the C++ engine to run the backward pass
ep   0 stage0 cost=$39 vmin=0.9536 Qact=0.00 curt=0.0 
ep  10 stage0 cost=$44 vmin=0.9551 Qact=0.00 curt=0.0 
ep  20 stage0 cost=$28 vmin=0.9546 Qact=0.00 curt=0.0 
ep  30 stage0 cost=$36 vmin=0.9544 Qact=0.00 curt=0.0 
ep  40 stage0 cost=$46 vmin=0.9537 Qact=0.00 curt=0.0 
ep  49 stage1 cost=$42 vmin=0.9552 Qact=0.00 curt=0.0 -> ADVANCED
ep  50 stage1 cost=$81 vmin=0.9531 Qact=0.00 curt=0.0 
ep  60 stage1 cost=$104 vmin=0.9536 Qact=0.00 curt=0.0 
ep  69 stage2 cost=$110 vmin=0.9531 Qact=0.00 curt=0.0 -> ADVANCED
ep  70 stage2 cost=$179 vmin=0.9500 Qact=0.00 curt=0.0 
ep  80 stage2 cost=$160 vmin=0.9502 Qact=0.00 curt=0.0 
ep  89 stage3 cost=$162 vmin=0.9519 Qact=0.00 curt=0.0 -> ADVANCED
ep  90 stage3 cost=$239 vmin=0.9500 Qact=0.02 curt=1.3 
ep 100 stage3 cost=$224 vmin=0.9501 Qact=0.00 curt=0.0 
ep 110 stage3 cost=$209 vmin=0.9500 Qact=0.02 curt=0.0 
ep 115 stage4 cost=$268 vmin=0.9500 Qact=0.05 curt=4.8 -> ADVANCED
ep 120 stage4 cost=$265 vmin=0.9500 Qact=0.00 curt=0.0 
ep 130 stage4 cost=$257 vmin=0.9500 Qact=0.02 curt=0.0 
ep 140 stage4 cost=$203 vmin=0.9501 Qact=0.00 curt=0.0 
ep 150 stage4 cost=$203 vmin=0.9503 Qact=0.00 curt=0.0 
ep 160 stage4 cost=$240 vmin=0.9502 Qact=0.06 curt=0.0 
ep 170 stage4 cost=$211 vmin=0.9500 Qact=0.03 curt=3.1 
ep 180 stage4 cost=$195 vmin=0.9501 Qact=0.00 curt=0.0 
ep 190 stage4 cost=$239 vmin=0.9500 Qact=0.01 curt=0.0 
ep 200 stage4 cost=$201 vmin=0.9506 Qact=0.00 curt=0.0 
ep 210 stage4 cost=$224 vmin=0.9500 Qact=0.00 curt=0.0 
ep 220 stage4 cost=$246 vmin=0.9500 Qact=0.00 curt=0.0 
ep 230 stage4 cost=$271 vmin=0.9500 Qact=0.05 curt=0.0 
ep 240 stage4 cost=$267 vmin=0.9500 Qact=0.04 curt=1.2 
ep 250 stage4 cost=$266 vmin=0.9500 Qact=0.04 curt=1.2 
ep 260 stage4 cost=$260 vmin=0.9501 Qact=0.01 curt=0.0 
ep 270 stage4 cost=$312 vmin=0.9500 Qact=0.02 curt=0.0 
ep 280 stage4 cost=$303 vmin=0.9500 Qact=0.05 curt=20.9 
ep 290 stage4 cost=$323 vmin=0.9500 Qact=0.01 curt=3.3 
ep 300 stage4 cost=$306 vmin=0.9500 Qact=0.04 curt=7.8 
ep 310 stage4 cost=$332 vmin=0.9500 Qact=0.04 curt=38.5 
ep 320 stage4 cost=$335 vmin=0.9500 Qact=0.03 curt=13.5 
ep 330 stage4 cost=$349 vmin=0.9500 Qact=0.02 curt=8.2 
ep 340 stage4 cost=$338 vmin=0.9501 Qact=0.06 curt=18.8 
ep 350 stage4 cost=$340 vmin=0.9500 Qact=0.04 curt=8.6 
ep 360 stage4 cost=$341 vmin=0.9500 Qact=0.06 curt=25.8 
ep 370 stage4 cost=$351 vmin=0.9501 Qact=0.03 curt=8.2 
ep 380 stage4 cost=$311 vmin=0.9501 Qact=0.01 curt=0.0 
ep 390 stage4 cost=$296 vmin=0.9500 Qact=0.00 curt=0.0 
ep 400 stage4 cost=$353 vmin=0.9500 Qact=0.05 curt=8.2 
ep 410 stage4 cost=$297 vmin=0.9500 Qact=0.01 curt=0.9 
ep 420 stage4 cost=$340 vmin=0.9500 Qact=0.03 curt=13.0 
ep 430 stage4 cost=$338 vmin=0.9500 Qact=0.01 curt=1.1 
ep 440 stage4 cost=$335 vmin=0.9500 Qact=0.03 curt=1.9 
ep 450 stage4 cost=$314 vmin=0.9500 Qact=0.02 curt=0.0 
ep 460 stage4 cost=$323 vmin=0.9500 Qact=0.00 curt=1.2 
ep 470 stage4 cost=$311 vmin=0.9500 Qact=0.03 curt=1.9 
ep 480 stage4 cost=$311 vmin=0.9500 Qact=0.01 curt=1.0 
ep 490 stage4 cost=$326 vmin=0.9500 Qact=0.02 curt=0.0 
ep 500 stage4 cost=$302 vmin=0.9501 Qact=0.04 curt=4.7 
ep 510 stage4 cost=$306 vmin=0.9500 Qact=0.01 curt=0.0 
ep 520 stage4 cost=$329 vmin=0.9500 Qact=0.05 curt=13.8 
ep 530 stage4 cost=$346 vmin=0.9500 Qact=0.04 curt=1.4 
ep 540 stage4 cost=$319 vmin=0.9500 Qact=0.05 curt=13.6 
ep 550 stage4 cost=$299 vmin=0.9500 Qact=0.03 curt=7.9 
ep 560 stage4 cost=$345 vmin=0.9500 Qact=0.02 curt=0.0 
ep 570 stage4 cost=$322 vmin=0.9500 Qact=0.05 curt=6.4 
ep 580 stage4 cost=$326 vmin=0.9500 Qact=0.01 curt=0.0 
ep 590 stage4 cost=$312 vmin=0.9500 Qact=0.00 curt=0.0 
{"done": true, "out": "results/nested_ieee33_elaad_s0"}
