nohup: ignoring input
/home/user/yawarb/nested-ev-grid/.venv/lib/python3.13/site-packages/torch/autograd/graph.py:882: UserWarning: CUDA initialization: The NVIDIA driver on your system is too old (found version 12080). Please update your GPU driver by downloading and installing a new version from the URL: http://www.nvidia.com/Download/index.aspx Alternatively, go to: https://pytorch.org to install a PyTorch version that has been compiled with your version of the CUDA driver. (Triggered internally at /pytorch/c10/cuda/CUDAFunctions.cpp:119.)
  return Variable._execution_engine.run_backward(  # Calls into the C++ engine to run the backward pass
ep   0 stage0 cost=$47 vmin=0.9546 Qact=0.00 curt=0.0 
ep  10 stage0 cost=$64 vmin=0.9543 Qact=0.00 curt=0.0 
ep  19 stage1 cost=$83 vmin=0.9526 Qact=0.00 curt=0.0 -> ADVANCED
ep  20 stage1 cost=$137 vmin=0.9532 Qact=0.00 curt=0.0 
ep  30 stage1 cost=$116 vmin=0.9535 Qact=0.00 curt=0.0 
ep  39 stage2 cost=$133 vmin=0.9516 Qact=0.00 curt=0.0 -> ADVANCED
ep  40 stage2 cost=$201 vmin=0.9501 Qact=0.00 curt=0.0 
ep  50 stage2 cost=$216 vmin=0.9501 Qact=0.00 curt=0.0 
ep  59 stage3 cost=$223 vmin=0.9503 Qact=0.00 curt=0.0 -> ADVANCED
ep  60 stage3 cost=$286 vmin=0.9500 Qact=0.03 curt=0.0 
ep  70 stage3 cost=$282 vmin=0.9500 Qact=0.02 curt=0.0 
ep  79 stage4 cost=$277 vmin=0.9500 Qact=0.02 curt=0.0 -> ADVANCED
ep  80 stage4 cost=$268 vmin=0.9500 Qact=0.01 curt=0.0 
ep  90 stage4 cost=$306 vmin=0.9501 Qact=0.03 curt=0.0 
ep 100 stage4 cost=$273 vmin=0.9500 Qact=0.00 curt=0.0 
ep 110 stage4 cost=$276 vmin=0.9500 Qact=0.02 curt=0.0 
ep 120 stage4 cost=$296 vmin=0.9500 Qact=0.01 curt=0.0 
ep 130 stage4 cost=$298 vmin=0.9500 Qact=0.02 curt=0.0 
ep 140 stage4 cost=$276 vmin=0.9500 Qact=0.02 curt=0.0 
ep 150 stage4 cost=$282 vmin=0.9500 Qact=0.01 curt=0.0 
ep 160 stage4 cost=$308 vmin=0.9500 Qact=0.06 curt=3.1 
ep 170 stage4 cost=$279 vmin=0.9501 Qact=0.04 curt=1.7 
ep 180 stage4 cost=$282 vmin=0.9500 Qact=0.01 curt=0.0 
ep 190 stage4 cost=$289 vmin=0.9500 Qact=0.01 curt=0.0 
ep 200 stage4 cost=$266 vmin=0.9501 Qact=0.00 curt=0.0 
ep 210 stage4 cost=$299 vmin=0.9500 Qact=0.02 curt=1.0 
ep 220 stage4 cost=$309 vmin=0.9500 Qact=0.01 curt=0.0 
ep 230 stage4 cost=$309 vmin=0.9501 Qact=0.05 curt=1.9 
ep 240 stage4 cost=$302 vmin=0.9500 Qact=0.02 curt=0.0 
ep 250 stage4 cost=$277 vmin=0.9500 Qact=0.01 curt=0.0 
ep 260 stage4 cost=$287 vmin=0.9503 Qact=0.00 curt=0.0 
ep 270 stage4 cost=$299 vmin=0.9500 Qact=0.01 curt=0.0 
ep 280 stage4 cost=$274 vmin=0.9501 Qact=0.01 curt=0.0 
ep 290 stage4 cost=$292 vmin=0.9501 Qact=0.00 curt=0.0 
ep 300 stage4 cost=$288 vmin=0.9500 Qact=0.03 curt=0.9 
ep 310 stage4 cost=$307 vmin=0.9500 Qact=0.02 curt=0.0 
ep 320 stage4 cost=$307 vmin=0.9500 Qact=0.01 curt=0.0 
ep 330 stage4 cost=$302 vmin=0.9500 Qact=0.01 curt=0.0 
ep 340 stage4 cost=$304 vmin=0.9501 Qact=0.03 curt=2.0 
ep 350 stage4 cost=$299 vmin=0.9501 Qact=0.01 curt=0.0 
ep 360 stage4 cost=$288 vmin=0.9501 Qact=0.02 curt=0.0 
ep 370 stage4 cost=$306 vmin=0.9501 Qact=0.01 curt=0.0 
ep 380 stage4 cost=$285 vmin=0.9501 Qact=0.01 curt=0.0 
ep 390 stage4 cost=$282 vmin=0.9502 Qact=0.00 curt=0.0 
ep 400 stage4 cost=$285 vmin=0.9500 Qact=0.01 curt=0.0 
ep 410 stage4 cost=$260 vmin=0.9500 Qact=0.00 curt=0.0 
ep 420 stage4 cost=$304 vmin=0.9501 Qact=0.01 curt=0.0 
ep 430 stage4 cost=$292 vmin=0.9502 Qact=0.00 curt=0.0 
ep 440 stage4 cost=$297 vmin=0.9500 Qact=0.00 curt=0.0 
ep 450 stage4 cost=$298 vmin=0.9500 Qact=0.01 curt=0.0 
ep 460 stage4 cost=$298 vmin=0.9503 Qact=0.00 curt=0.0 
ep 470 stage4 cost=$282 vmin=0.9500 Qact=0.01 curt=1.0 
ep 480 stage4 cost=$297 vmin=0.9500 Qact=0.01 curt=0.0 
ep 490 stage4 cost=$314 vmin=0.9501 Qact=0.01 curt=0.0 
ep 500 stage4 cost=$295 vmin=0.9500 Qact=0.03 curt=3.2 
ep 510 stage4 cost=$305 vmin=0.9501 Qact=0.01 curt=0.0 
ep 520 stage4 cost=$312 vmin=0.9500 Qact=0.04 curt=2.8 
ep 530 stage4 cost=$319 vmin=0.9500 Qact=0.03 curt=3.8 
ep 540 stage4 cost=$300 vmin=0.9501 Qact=0.03 curt=0.0 
ep 550 stage4 cost=$288 vmin=0.9500 Qact=0.01 curt=0.0 
ep 560 stage4 cost=$326 vmin=0.9500 Qact=0.02 curt=4.1 
ep 570 stage4 cost=$309 vmin=0.9501 Qact=0.03 curt=0.0 
ep 580 stage4 cost=$324 vmin=0.9502 Qact=0.00 curt=0.0 
ep 590 stage4 cost=$294 vmin=0.9502 Qact=0.01 curt=1.1 
{"done": true, "out": "results/abl_no_l1"}
