nohup: ignoring input
/home/user/yawarb/nested-ev-grid/.venv/lib/python3.13/site-packages/torch/autograd/graph.py:882: UserWarning: CUDA initialization: The NVIDIA driver on your system is too old (found version 12080). Please update your GPU driver by downloading and installing a new version from the URL: http://www.nvidia.com/Download/index.aspx Alternatively, go to: https://pytorch.org to install a PyTorch version that has been compiled with your version of the CUDA driver. (Triggered internally at /pytorch/c10/cuda/CUDAFunctions.cpp:119.)
  return Variable._execution_engine.run_backward(  # Calls into the C++ engine to run the backward pass
ep   0 stage0 cost=$29 vmin=0.9563 Qact=0.00 curt=0.0 
ep  10 stage0 cost=$45 vmin=0.9555 Qact=0.00 curt=0.0 
ep  20 stage0 cost=$46 vmin=0.9540 Qact=0.00 curt=0.0 
ep  30 stage0 cost=$38 vmin=0.9555 Qact=0.00 curt=0.0 
ep  32 stage1 cost=$46 vmin=0.9536 Qact=0.00 curt=0.0 -> ADVANCED
ep  40 stage1 cost=$92 vmin=0.9510 Qact=0.00 curt=0.0 
ep  50 stage1 cost=$82 vmin=0.9516 Qact=0.00 curt=0.0 
ep  55 stage2 cost=$82 vmin=0.9539 Qact=0.00 curt=0.0 -> ADVANCED
ep  60 stage2 cost=$160 vmin=0.9501 Qact=0.00 curt=0.0 
ep  70 stage2 cost=$151 vmin=0.9503 Qact=0.00 curt=0.0 
ep  75 stage3 cost=$188 vmin=0.9509 Qact=0.00 curt=0.0 -> ADVANCED
ep  80 stage3 cost=$250 vmin=0.9501 Qact=0.01 curt=0.0 
ep  90 stage3 cost=$292 vmin=0.9501 Qact=0.02 curt=0.0 
ep  95 stage4 cost=$294 vmin=0.9501 Qact=0.00 curt=0.0 -> ADVANCED
ep 100 stage4 cost=$285 vmin=0.9502 Qact=0.00 curt=0.0 
ep 110 stage4 cost=$315 vmin=0.9500 Qact=0.02 curt=0.0 
ep 120 stage4 cost=$315 vmin=0.9501 Qact=0.01 curt=0.0 
ep 130 stage4 cost=$338 vmin=0.9501 Qact=0.03 curt=0.0 
ep 140 stage4 cost=$322 vmin=0.9501 Qact=0.01 curt=0.0 
ep 150 stage4 cost=$319 vmin=0.9500 Qact=0.01 curt=1.2 
ep 160 stage4 cost=$327 vmin=0.9500 Qact=0.07 curt=13.8 
ep 170 stage4 cost=$328 vmin=0.9501 Qact=0.05 curt=11.9 
ep 180 stage4 cost=$337 vmin=0.9500 Qact=0.02 curt=0.0 
ep 190 stage4 cost=$329 vmin=0.9500 Qact=0.02 curt=1.1 
ep 200 stage4 cost=$300 vmin=0.9504 Qact=0.01 curt=0.0 
ep 210 stage4 cost=$327 vmin=0.9501 Qact=0.04 curt=5.3 
ep 220 stage4 cost=$348 vmin=0.9501 Qact=0.02 curt=1.5 
ep 230 stage4 cost=$365 vmin=0.9500 Qact=0.06 curt=40.1 
ep 240 stage4 cost=$359 vmin=0.9500 Qact=0.04 curt=8.7 
ep 250 stage4 cost=$355 vmin=0.9500 Qact=0.04 curt=10.0 
ep 260 stage4 cost=$356 vmin=0.9500 Qact=0.01 curt=0.0 
ep 270 stage4 cost=$331 vmin=0.9500 Qact=0.03 curt=3.8 
ep 280 stage4 cost=$320 vmin=0.9500 Qact=0.04 curt=0.0 
ep 290 stage4 cost=$323 vmin=0.9501 Qact=0.00 curt=0.0 
ep 300 stage4 cost=$346 vmin=0.9501 Qact=0.04 curt=20.4 
ep 310 stage4 cost=$347 vmin=0.9500 Qact=0.03 curt=1.3 
ep 320 stage4 cost=$358 vmin=0.9500 Qact=0.03 curt=7.0 
ep 330 stage4 cost=$359 vmin=0.9500 Qact=0.01 curt=1.2 
ep 340 stage4 cost=$346 vmin=0.9500 Qact=0.04 curt=14.8 
ep 350 stage4 cost=$348 vmin=0.9500 Qact=0.02 curt=0.0 
ep 360 stage4 cost=$349 vmin=0.9500 Qact=0.03 curt=5.5 
ep 370 stage4 cost=$350 vmin=0.9501 Qact=0.01 curt=1.5 
ep 380 stage4 cost=$319 vmin=0.9500 Qact=0.01 curt=0.0 
ep 390 stage4 cost=$333 vmin=0.9500 Qact=0.02 curt=1.5 
ep 400 stage4 cost=$358 vmin=0.9500 Qact=0.03 curt=3.7 
ep 410 stage4 cost=$317 vmin=0.9500 Qact=0.01 curt=2.4 
ep 420 stage4 cost=$348 vmin=0.9500 Qact=0.01 curt=0.0 
ep 430 stage4 cost=$336 vmin=0.9500 Qact=0.01 curt=0.0 
ep 440 stage4 cost=$342 vmin=0.9500 Qact=0.01 curt=0.0 
ep 450 stage4 cost=$327 vmin=0.9500 Qact=0.01 curt=0.0 
ep 460 stage4 cost=$336 vmin=0.9500 Qact=0.00 curt=0.0 
ep 470 stage4 cost=$316 vmin=0.9501 Qact=0.01 curt=0.0 
ep 480 stage4 cost=$322 vmin=0.9500 Qact=0.01 curt=0.0 
ep 490 stage4 cost=$340 vmin=0.9501 Qact=0.01 curt=0.0 
ep 500 stage4 cost=$317 vmin=0.9500 Qact=0.04 curt=1.1 
ep 510 stage4 cost=$334 vmin=0.9501 Qact=0.02 curt=0.0 
ep 520 stage4 cost=$337 vmin=0.9500 Qact=0.04 curt=6.5 
ep 530 stage4 cost=$348 vmin=0.9500 Qact=0.03 curt=7.1 
ep 540 stage4 cost=$332 vmin=0.9500 Qact=0.03 curt=0.0 
ep 550 stage4 cost=$323 vmin=0.9500 Qact=0.01 curt=0.0 
ep 560 stage4 cost=$365 vmin=0.9500 Qact=0.03 curt=1.4 
ep 570 stage4 cost=$360 vmin=0.9501 Qact=0.04 curt=5.8 
ep 580 stage4 cost=$358 vmin=0.9500 Qact=0.01 curt=0.0 
ep 590 stage4 cost=$343 vmin=0.9501 Qact=0.01 curt=1.3 
{"done": true, "out": "results/nested_ieee33_nrel_s0"}
