nohup: ignoring input
/home/user/yawarb/nested-ev-grid/.venv/lib/python3.13/site-packages/torch/autograd/graph.py:882: UserWarning: CUDA initialization: The NVIDIA driver on your system is too old (found version 12080). Please update your GPU driver by downloading and installing a new version from the URL: http://www.nvidia.com/Download/index.aspx Alternatively, go to: https://pytorch.org to install a PyTorch version that has been compiled with your version of the CUDA driver. (Triggered internally at /pytorch/c10/cuda/CUDAFunctions.cpp:119.)
  return Variable._execution_engine.run_backward(  # Calls into the C++ engine to run the backward pass
ep   0 cost=$143 vmin=0.9503 viol=0.0% SQ=0.866
ep  10 cost=$137 vmin=0.9534 viol=0.0% SQ=0.787
ep  20 cost=$119 vmin=0.9539 viol=0.0% SQ=0.759
ep  30 cost=$123 vmin=0.9524 viol=0.0% SQ=0.760
ep  40 cost=$129 vmin=0.9502 viol=0.0% SQ=0.766
ep  50 cost=$110 vmin=0.9533 viol=0.0% SQ=0.720
ep  60 cost=$113 vmin=0.9506 viol=0.0% SQ=0.719
ep  70 cost=$118 vmin=0.9516 viol=0.0% SQ=0.728
ep  80 cost=$117 vmin=0.9523 viol=0.0% SQ=0.732
ep  90 cost=$125 vmin=0.9518 viol=0.0% SQ=0.750
ep 100 cost=$125 vmin=0.9535 viol=0.0% SQ=0.747
ep 110 cost=$128 vmin=0.9516 viol=0.0% SQ=0.755
ep 120 cost=$148 vmin=0.9507 viol=0.0% SQ=0.849
ep 130 cost=$166 vmin=0.9498 viol=0.1% SQ=0.852
ep 140 cost=$157 vmin=0.9496 viol=0.1% SQ=0.826
ep 150 cost=$159 vmin=0.9512 viol=0.0% SQ=0.850
ep 160 cost=$163 vmin=0.9478 viol=1.1% SQ=0.912
ep 170 cost=$151 vmin=0.9503 viol=0.0% SQ=0.858
ep 180 cost=$152 vmin=0.9515 viol=0.0% SQ=0.839
ep 190 cost=$171 vmin=0.9516 viol=0.0% SQ=0.854
ep 200 cost=$145 vmin=0.9523 viol=0.0% SQ=0.814
ep 210 cost=$144 vmin=0.9503 viol=0.0% SQ=0.820
ep 220 cost=$131 vmin=0.9529 viol=0.0% SQ=0.853
ep 230 cost=$135 vmin=0.9513 viol=0.0% SQ=0.752
ep 240 cost=$139 vmin=0.9514 viol=0.0% SQ=0.772
ep 250 cost=$117 vmin=0.9525 viol=0.0% SQ=0.752
ep 260 cost=$128 vmin=0.9539 viol=0.0% SQ=0.778
ep 270 cost=$149 vmin=0.9527 viol=0.0% SQ=0.787
ep 280 cost=$126 vmin=0.9517 viol=0.0% SQ=0.725
ep 290 cost=$129 vmin=0.9530 viol=0.0% SQ=0.853
ep 300 cost=$134 vmin=0.9516 viol=0.0% SQ=0.770
ep 310 cost=$119 vmin=0.9519 viol=0.0% SQ=0.697
ep 320 cost=$96 vmin=0.9530 viol=0.0% SQ=0.687
ep 330 cost=$99 vmin=0.9540 viol=0.0% SQ=0.673
ep 340 cost=$105 vmin=0.9518 viol=0.0% SQ=0.668
ep 350 cost=$120 vmin=0.9525 viol=0.0% SQ=0.756
ep 360 cost=$107 vmin=0.9545 viol=0.0% SQ=0.752
ep 370 cost=$106 vmin=0.9538 viol=0.0% SQ=0.709
ep 380 cost=$97 vmin=0.9547 viol=0.0% SQ=0.680
ep 390 cost=$104 vmin=0.9527 viol=0.0% SQ=0.706
ep 400 cost=$104 vmin=0.9520 viol=0.0% SQ=0.681
ep 410 cost=$96 vmin=0.9539 viol=0.0% SQ=0.716
ep 420 cost=$103 vmin=0.9540 viol=0.0% SQ=0.656
ep 430 cost=$105 vmin=0.9541 viol=0.0% SQ=0.650
ep 440 cost=$98 vmin=0.9534 viol=0.0% SQ=0.681
ep 450 cost=$106 vmin=0.9529 viol=0.0% SQ=0.660
ep 460 cost=$111 vmin=0.9524 viol=0.0% SQ=0.663
ep 470 cost=$114 vmin=0.9535 viol=0.0% SQ=0.732
ep 480 cost=$108 vmin=0.9536 viol=0.0% SQ=0.648
ep 490 cost=$92 vmin=0.9542 viol=0.0% SQ=0.663
ep 500 cost=$95 vmin=0.9542 viol=0.0% SQ=0.636
ep 510 cost=$84 vmin=0.9535 viol=0.0% SQ=0.644
ep 520 cost=$98 vmin=0.9530 viol=0.0% SQ=0.655
ep 530 cost=$92 vmin=0.9526 viol=0.0% SQ=0.681
ep 540 cost=$106 vmin=0.9513 viol=0.0% SQ=0.668
ep 550 cost=$93 vmin=0.9543 viol=0.0% SQ=0.660
ep 560 cost=$104 vmin=0.9537 viol=0.0% SQ=0.707
ep 570 cost=$114 vmin=0.9538 viol=0.0% SQ=0.739
ep 580 cost=$152 vmin=0.9531 viol=0.0% SQ=0.857
ep 590 cost=$140 vmin=0.9524 viol=0.0% SQ=0.790
done: results/ppo_lag_ieee33_nrel_s0
