Traceback (most recent call last):
  File "/home/user/yawarb/nested-ev-grid/scripts/train.py", line 104, in <module>
    main()
    ~~~~^^
  File "/home/user/yawarb/nested-ev-grid/scripts/train.py", line 65, in main
    price = PRICE_PROFILES[ds.get("price_source", "pjm")]
            ~~~~~~~~~~~~~~^^^^^^^^^^^^^^^^^^^^^^^^^^^^^^^
KeyError: 'caiso'
/home/user/yawarb/nested-ev-grid/.venv/lib/python3.13/site-packages/torch/autograd/graph.py:882: UserWarning: CUDA initialization: The NVIDIA driver on your system is too old (found version 12080). Please update your GPU driver by downloading and installing a new version from the URL: http://www.nvidia.com/Download/index.aspx Alternatively, go to: https://pytorch.org to install a PyTorch version that has been compiled with your version of the CUDA driver. (Triggered internally at /pytorch/c10/cuda/CUDAFunctions.cpp:119.)
  return Variable._execution_engine.run_backward(  # Calls into the C++ engine to run the backward pass
/home/user/yawarb/nested-ev-grid/.venv/lib/python3.13/site-packages/torch/autograd/graph.py:882: UserWarning: CUDA initialization: The NVIDIA driver on your system is too old (found version 12080). Please update your GPU driver by downloading and installing a new version from the URL: http://www.nvidia.com/Download/index.aspx Alternatively, go to: https://pytorch.org to install a PyTorch version that has been compiled with your version of the CUDA driver. (Triggered internally at /pytorch/c10/cuda/CUDAFunctions.cpp:119.)
  return Variable._execution_engine.run_backward(  # Calls into the C++ engine to run the backward pass
/home/user/yawarb/nested-ev-grid/.venv/lib/python3.13/site-packages/torch/autograd/graph.py:882: UserWarning: CUDA initialization: The NVIDIA driver on your system is too old (found version 12080). Please update your GPU driver by downloading and installing a new version from the URL: http://www.nvidia.com/Download/index.aspx Alternatively, go to: https://pytorch.org to install a PyTorch version that has been compiled with your version of the CUDA driver. (Triggered internally at /pytorch/c10/cuda/CUDAFunctions.cpp:119.)
  return Variable._execution_engine.run_backward(  # Calls into the C++ engine to run the backward pass
/home/user/yawarb/nested-ev-grid/.venv/lib/python3.13/site-packages/torch/autograd/graph.py:882: UserWarning: CUDA initialization: The NVIDIA driver on your system is too old (found version 12080). Please update your GPU driver by downloading and installing a new version from the URL: http://www.nvidia.com/Download/index.aspx Alternatively, go to: https://pytorch.org to install a PyTorch version that has been compiled with your version of the CUDA driver. (Triggered internally at /pytorch/c10/cuda/CUDAFunctions.cpp:119.)
  return Variable._execution_engine.run_backward(  # Calls into the C++ engine to run the backward pass
/home/user/yawarb/nested-ev-grid/.venv/lib/python3.13/site-packages/torch/autograd/graph.py:882: UserWarning: CUDA initialization: The NVIDIA driver on your system is too old (found version 12080). Please update your GPU driver by downloading and installing a new version from the URL: http://www.nvidia.com/Download/index.aspx Alternatively, go to: https://pytorch.org to install a PyTorch version that has been compiled with your version of the CUDA driver. (Triggered internally at /pytorch/c10/cuda/CUDAFunctions.cpp:119.)
  return Variable._execution_engine.run_backward(  # Calls into the C++ engine to run the backward pass
/home/user/yawarb/nested-ev-grid/.venv/lib/python3.13/site-packages/torch/autograd/graph.py:882: UserWarning: CUDA initialization: The NVIDIA driver on your system is too old (found version 12080). Please update your GPU driver by downloading and installing a new version from the URL: http://www.nvidia.com/Download/index.aspx Alternatively, go to: https://pytorch.org to install a PyTorch version that has been compiled with your version of the CUDA driver. (Triggered internally at /pytorch/c10/cuda/CUDAFunctions.cpp:119.)
  return Variable._execution_engine.run_backward(  # Calls into the C++ engine to run the backward pass
/home/user/yawarb/nested-ev-grid/.venv/lib/python3.13/site-packages/torch/autograd/graph.py:882: UserWarning: CUDA initialization: The NVIDIA driver on your system is too old (found version 12080). Please update your GPU driver by downloading and installing a new version from the URL: http://www.nvidia.com/Download/index.aspx Alternatively, go to: https://pytorch.org to install a PyTorch version that has been compiled with your version of the CUDA driver. (Triggered internally at /pytorch/c10/cuda/CUDAFunctions.cpp:119.)
  return Variable._execution_engine.run_backward(  # Calls into the C++ engine to run the backward pass
/home/user/yawarb/nested-ev-grid/.venv/lib/python3.13/site-packages/torch/autograd/graph.py:882: UserWarning: CUDA initialization: The NVIDIA driver on your system is too old (found version 12080). Please update your GPU driver by downloading and installing a new version from the URL: http://www.nvidia.com/Download/index.aspx Alternatively, go to: https://pytorch.org to install a PyTorch version that has been compiled with your version of the CUDA driver. (Triggered internally at /pytorch/c10/cuda/CUDAFunctions.cpp:119.)
  return Variable._execution_engine.run_backward(  # Calls into the C++ engine to run the backward pass
/home/user/yawarb/nested-ev-grid/.venv/lib/python3.13/site-packages/torch/autograd/graph.py:882: UserWarning: CUDA initialization: The NVIDIA driver on your system is too old (found version 12080). Please update your GPU driver by downloading and installing a new version from the URL: http://www.nvidia.com/Download/index.aspx Alternatively, go to: https://pytorch.org to install a PyTorch version that has been compiled with your version of the CUDA driver. (Triggered internally at /pytorch/c10/cuda/CUDAFunctions.cpp:119.)
  return Variable._execution_engine.run_backward(  # Calls into the C++ engine to run the backward pass
ep   0 cost=$127 vmin=0.9518 viol=0.0% SQ=0.808
ep   0 cost=$131 vmin=0.9505 viol=0.0% SQ=0.837
ep   0 cost=$142 vmin=0.9508 viol=0.0% SQ=0.853
Traceback (most recent call last):
  File "/home/user/yawarb/nested-ev-grid/scripts/train_baseline.py", line 128, in <module>
    main()
    ~~~~^^
  File "/home/user/yawarb/nested-ev-grid/scripts/train_baseline.py", line 112, in main
    m = run_onpolicy_episode(agent, env, price, LOAD_SHAPE, train=True)
  File "/home/user/yawarb/nested-ev-grid/scripts/train_baseline.py", line 49, in run_onpolicy_episode
    helper.apply_action(env, a)
    ~~~~~~~~~~~~~~~~~~~^^^^^^^^
  File "/home/user/yawarb/nested-ev-grid/src/nflev/baselines/flat_ddpg.py", line 45, in apply_action
    env.set_dispatch(k, blk[:MAX_EVS_FLAT] * c_max,
    ~~~~~~~~~~~~~~~~^^^^^^^^^^^^^^^^^^^^^^^^^^^^^^^
                     price_frac=float(blk[-1]))
                     ^^^^^^^^^^^^^^^^^^^^^^^^^^
  File "/home/user/yawarb/nested-ev-grid/src/nflev/env/charging_env.py", line 181, in set_dispatch
    c = self.project(rates_raw[:n], c_max, self.p_cap)
  File "/home/user/yawarb/nested-ev-grid/src/nflev/agents/projection.py", line 19, in simplex_scale
    c = np.clip(c_raw, 0.0, c_max)
  File "/home/user/yawarb/nested-ev-grid/.venv/lib/python3.13/site-packages/numpy/_core/fromnumeric.py", line 2330, in clip
    return _wrapfunc(a, 'clip', a_min, a_max, out=out, **kwargs)
  File "/home/user/yawarb/nested-ev-grid/.venv/lib/python3.13/site-packages/numpy/_core/fromnumeric.py", line 57, in _wrapfunc
    return bound(*args, **kwds)
  File "/home/user/yawarb/nested-ev-grid/.venv/lib/python3.13/site-packages/numpy/_core/_methods.py", line 115, in _clip
    return um.clip(a, min, max, out=out, **kwargs)
           ~~~~~~~^^^^^^^^^^^^^^^^^^^^^^^^^^^^^^^^
ValueError: operands could not be broadcast together with shapes (20,) () (21,) 
ep   0 cost=$139 vmin=0.9507 viol=0.0% SQ=0.856
ep   0 stage0 cost=$26 vmin=0.9556 Qact=0.00 curt=0.0 
ep   0 stage0 cost=$24 vmin=0.9559 Qact=0.00 curt=0.0 
ep   0 stage0 cost=$36 vmin=0.9548 Qact=0.00 curt=0.0 
ep   0 stage0 cost=$35 vmin=0.9563 Qact=0.00 curt=0.0 
ep   0 stage0 cost=$26 vmin=0.9534 Qact=0.00 curt=0.0 
Traceback (most recent call last):
  File "/home/user/yawarb/nested-ev-grid/scripts/train_baseline.py", line 128, in <module>
    main()
    ~~~~^^
  File "/home/user/yawarb/nested-ev-grid/scripts/train_baseline.py", line 112, in main
    m = run_onpolicy_episode(agent, env, price, LOAD_SHAPE, train=True)
  File "/home/user/yawarb/nested-ev-grid/scripts/train_baseline.py", line 49, in run_onpolicy_episode
    helper.apply_action(env, a)
    ~~~~~~~~~~~~~~~~~~~^^^^^^^^
  File "/home/user/yawarb/nested-ev-grid/src/nflev/baselines/flat_ddpg.py", line 45, in apply_action
    env.set_dispatch(k, blk[:MAX_EVS_FLAT] * c_max,
    ~~~~~~~~~~~~~~~~^^^^^^^^^^^^^^^^^^^^^^^^^^^^^^^
                     price_frac=float(blk[-1]))
                     ^^^^^^^^^^^^^^^^^^^^^^^^^^
  File "/home/user/yawarb/nested-ev-grid/src/nflev/env/charging_env.py", line 181, in set_dispatch
    c = self.project(rates_raw[:n], c_max, self.p_cap)
  File "/home/user/yawarb/nested-ev-grid/src/nflev/agents/projection.py", line 19, in simplex_scale
    c = np.clip(c_raw, 0.0, c_max)
  File "/home/user/yawarb/nested-ev-grid/.venv/lib/python3.13/site-packages/numpy/_core/fromnumeric.py", line 2330, in clip
    return _wrapfunc(a, 'clip', a_min, a_max, out=out, **kwargs)
  File "/home/user/yawarb/nested-ev-grid/.venv/lib/python3.13/site-packages/numpy/_core/fromnumeric.py", line 57, in _wrapfunc
    return bound(*args, **kwds)
  File "/home/user/yawarb/nested-ev-grid/.venv/lib/python3.13/site-packages/numpy/_core/_methods.py", line 115, in _clip
    return um.clip(a, min, max, out=out, **kwargs)
           ~~~~~~~^^^^^^^^^^^^^^^^^^^^^^^^^^^^^^^^
ValueError: operands could not be broadcast together with shapes (20,) () (21,) 
Traceback (most recent call last):
  File "/home/user/yawarb/nested-ev-grid/scripts/train_baseline.py", line 128, in <module>
    main()
    ~~~~^^
  File "/home/user/yawarb/nested-ev-grid/scripts/train_baseline.py", line 110, in main
    m = agent.run_episode(env, price, LOAD_SHAPE, train=True)
  File "/home/user/yawarb/nested-ev-grid/src/nflev/baselines/flat_ddpg.py", line 72, in run_episode
    self.apply_action(env, a)
    ~~~~~~~~~~~~~~~~~^^^^^^^^
  File "/home/user/yawarb/nested-ev-grid/src/nflev/baselines/flat_ddpg.py", line 45, in apply_action
    env.set_dispatch(k, blk[:MAX_EVS_FLAT] * c_max,
    ~~~~~~~~~~~~~~~~^^^^^^^^^^^^^^^^^^^^^^^^^^^^^^^
                     price_frac=float(blk[-1]))
                     ^^^^^^^^^^^^^^^^^^^^^^^^^^
  File "/home/user/yawarb/nested-ev-grid/src/nflev/env/charging_env.py", line 181, in set_dispatch
    c = self.project(rates_raw[:n], c_max, self.p_cap)
  File "/home/user/yawarb/nested-ev-grid/src/nflev/agents/projection.py", line 19, in simplex_scale
    c = np.clip(c_raw, 0.0, c_max)
  File "/home/user/yawarb/nested-ev-grid/.venv/lib/python3.13/site-packages/numpy/_core/fromnumeric.py", line 2330, in clip
    return _wrapfunc(a, 'clip', a_min, a_max, out=out, **kwargs)
  File "/home/user/yawarb/nested-ev-grid/.venv/lib/python3.13/site-packages/numpy/_core/fromnumeric.py", line 57, in _wrapfunc
    return bound(*args, **kwds)
  File "/home/user/yawarb/nested-ev-grid/.venv/lib/python3.13/site-packages/numpy/_core/_methods.py", line 115, in _clip
    return um.clip(a, min, max, out=out, **kwargs)
           ~~~~~~~^^^^^^^^^^^^^^^^^^^^^^^^^^^^^^^^
ValueError: operands could not be broadcast together with shapes (20,) () (21,) 
