# /home/user/yawarb/nested-ev-grid/.venv/bin/python scripts/train.py --network ieee33 --dataset nrel --episodes 600 --seed 0 --out /home/user/yawarb/nested-ev-grid/results/nested_abl_no_user_model --ablation no_user_model
/home/user/yawarb/nested-ev-grid/.venv/lib/python3.13/site-packages/torch/autograd/graph.py:882: UserWarning: CUDA initialization: The NVIDIA driver on your system is too old (found version 12080). Please update your GPU driver by downloading and installing a new version from the URL: http://www.nvidia.com/Download/index.aspx Alternatively, go to: https://pytorch.org to install a PyTorch version that has been compiled with your version of the CUDA driver. (Triggered internally at /pytorch/c10/cuda/CUDAFunctions.cpp:119.)
  return Variable._execution_engine.run_backward(  # Calls into the C++ engine to run the backward pass
ep   0 stage0 cost=$48 vmin=0.9555 Qact=0.00 curt=0.0 
ep  10 stage0 cost=$76 vmin=0.9548 Qact=0.00 curt=0.0 
ep  19 stage1 cost=$89 vmin=0.9533 Qact=0.00 curt=0.0 -> ADVANCED
ep  20 stage1 cost=$162 vmin=0.9530 Qact=0.00 curt=0.0 
ep  30 stage1 cost=$150 vmin=0.9537 Qact=0.00 curt=0.0 
ep  39 stage2 cost=$149 vmin=0.9519 Qact=0.00 curt=0.0 -> ADVANCED
ep  40 stage2 cost=$232 vmin=0.9501 Qact=0.02 curt=0.0 
ep  50 stage2 cost=$216 vmin=0.9502 Qact=0.01 curt=0.0 
ep  59 stage3 cost=$229 vmin=0.9500 Qact=0.01 curt=1.0 -> ADVANCED
ep  60 stage3 cost=$295 vmin=0.9500 Qact=0.06 curt=0.0 
ep  70 stage3 cost=$274 vmin=0.9500 Qact=0.07 curt=1.0 
ep  79 stage4 cost=$282 vmin=0.9500 Qact=0.06 curt=2.8 -> ADVANCED
ep  80 stage4 cost=$293 vmin=0.9501 Qact=0.03 curt=1.2 
ep  90 stage4 cost=$310 vmin=0.9500 Qact=0.04 curt=0.0 
ep 100 stage4 cost=$302 vmin=0.9500 Qact=0.01 curt=0.0 
ep 110 stage4 cost=$302 vmin=0.9500 Qact=0.03 curt=1.3 
ep 120 stage4 cost=$346 vmin=0.9500 Qact=0.02 curt=2.4 
ep 130 stage4 cost=$341 vmin=0.9501 Qact=0.04 curt=2.6 
ep 140 stage4 cost=$346 vmin=0.9500 Qact=0.05 curt=12.8 
ep 150 stage4 cost=$332 vmin=0.9500 Qact=0.01 curt=0.0 
ep 160 stage4 cost=$346 vmin=0.9500 Qact=0.08 curt=85.3 
ep 170 stage4 cost=$344 vmin=0.9500 Qact=0.06 curt=78.9 
ep 180 stage4 cost=$362 vmin=0.9500 Qact=0.02 curt=3.1 
ep 190 stage4 cost=$365 vmin=0.9500 Qact=0.02 curt=0.0 
ep 200 stage4 cost=$340 vmin=0.9500 Qact=0.01 curt=0.0 
ep 210 stage4 cost=$345 vmin=0.9501 Qact=0.04 curt=2.0 
ep 220 stage4 cost=$380 vmin=0.9500 Qact=0.02 curt=2.2 
ep 230 stage4 cost=$369 vmin=0.9500 Qact=0.08 curt=136.5 
ep 240 stage4 cost=$347 vmin=0.9500 Qact=0.04 curt=18.3 
ep 250 stage4 cost=$351 vmin=0.9500 Qact=0.04 curt=24.6 
ep 260 stage4 cost=$324 vmin=0.9500 Qact=0.02 curt=0.0 
ep 270 stage4 cost=$335 vmin=0.9500 Qact=0.03 curt=4.9 
ep 280 stage4 cost=$332 vmin=0.9500 Qact=0.04 curt=10.3 
ep 290 stage4 cost=$325 vmin=0.9500 Qact=0.01 curt=0.0 
ep 300 stage4 cost=$341 vmin=0.9501 Qact=0.04 curt=4.9 
ep 310 stage4 cost=$341 vmin=0.9500 Qact=0.04 curt=18.8 
ep 320 stage4 cost=$334 vmin=0.9500 Qact=0.03 curt=1.1 
ep 330 stage4 cost=$341 vmin=0.9500 Qact=0.01 curt=0.0 
ep 340 stage4 cost=$344 vmin=0.9501 Qact=0.05 curt=42.2 
ep 350 stage4 cost=$318 vmin=0.9500 Qact=0.02 curt=0.0 
ep 360 stage4 cost=$348 vmin=0.9500 Qact=0.03 curt=2.2 
ep 370 stage4 cost=$351 vmin=0.9501 Qact=0.00 curt=0.0 
ep 380 stage4 cost=$333 vmin=0.9501 Qact=0.01 curt=0.0 
ep 390 stage4 cost=$335 vmin=0.9500 Qact=0.02 curt=2.5 
ep 400 stage4 cost=$359 vmin=0.9501 Qact=0.03 curt=2.1 
ep 410 stage4 cost=$334 vmin=0.9501 Qact=0.02 curt=1.1 
ep 420 stage4 cost=$358 vmin=0.9500 Qact=0.02 curt=0.0 
ep 430 stage4 cost=$335 vmin=0.9500 Qact=0.00 curt=0.0 
ep 440 stage4 cost=$333 vmin=0.9500 Qact=0.02 curt=0.0 
ep 450 stage4 cost=$334 vmin=0.9500 Qact=0.02 curt=0.0 
ep 460 stage4 cost=$340 vmin=0.9502 Qact=0.00 curt=0.0 
ep 470 stage4 cost=$357 vmin=0.9500 Qact=0.03 curt=2.5 
ep 480 stage4 cost=$359 vmin=0.9500 Qact=0.03 curt=0.0 
ep 490 stage4 cost=$377 vmin=0.9500 Qact=0.02 curt=0.0 
ep 500 stage4 cost=$363 vmin=0.9501 Qact=0.05 curt=32.4 
ep 510 stage4 cost=$356 vmin=0.9500 Qact=0.02 curt=1.6 
ep 520 stage4 cost=$354 vmin=0.9500 Qact=0.05 curt=26.6 
ep 530 stage4 cost=$363 vmin=0.9500 Qact=0.03 curt=3.4 
ep 540 stage4 cost=$343 vmin=0.9501 Qact=0.05 curt=1.5 
ep 550 stage4 cost=$315 vmin=0.9501 Qact=0.02 curt=0.0 
ep 560 stage4 cost=$350 vmin=0.9500 Qact=0.02 curt=0.0 
ep 570 stage4 cost=$351 vmin=0.9500 Qact=0.03 curt=0.0 
ep 580 stage4 cost=$347 vmin=0.9500 Qact=0.00 curt=0.0 
ep 590 stage4 cost=$341 vmin=0.9501 Qact=0.01 curt=0.0 
{"done": true, "out": "/home/user/yawarb/nested-ev-grid/results/nested_abl_no_user_model"}
