# /home/user/yawarb/nested-ev-grid/.venv/bin/python scripts/train_baseline.py --method ppo_lag --episodes 600 --network ieee33 --dataset nrel --seed 0 --out /home/user/yawarb/nested-ev-grid/results/ppo_lag_ieee33_nrel_s0
/home/user/yawarb/nested-ev-grid/.venv/lib/python3.13/site-packages/torch/autograd/graph.py:882: UserWarning: CUDA initialization: The NVIDIA driver on your system is too old (found version 12080). Please update your GPU driver by downloading and installing a new version from the URL: http://www.nvidia.com/Download/index.aspx Alternatively, go to: https://pytorch.org to install a PyTorch version that has been compiled with your version of the CUDA driver. (Triggered internally at /pytorch/c10/cuda/CUDAFunctions.cpp:119.)
  return Variable._execution_engine.run_backward(  # Calls into the C++ engine to run the backward pass
ep   0 cost=$149 vmin=0.9490 viol=0.2% SQ=0.871
ep  10 cost=$147 vmin=0.9528 viol=0.0% SQ=0.801
ep  20 cost=$134 vmin=0.9533 viol=0.0% SQ=0.781
ep  30 cost=$133 vmin=0.9526 viol=0.0% SQ=0.792
ep  40 cost=$140 vmin=0.9504 viol=0.0% SQ=0.800
ep  50 cost=$114 vmin=0.9533 viol=0.0% SQ=0.745
ep  60 cost=$131 vmin=0.9503 viol=0.0% SQ=0.776
ep  70 cost=$134 vmin=0.9512 viol=0.0% SQ=0.746
ep  80 cost=$125 vmin=0.9518 viol=0.0% SQ=0.745
ep  90 cost=$128 vmin=0.9530 viol=0.0% SQ=0.764
ep 100 cost=$130 vmin=0.9537 viol=0.0% SQ=0.798
ep 110 cost=$121 vmin=0.9527 viol=0.0% SQ=0.771
ep 120 cost=$117 vmin=0.9532 viol=0.0% SQ=0.752
ep 130 cost=$123 vmin=0.9519 viol=0.0% SQ=0.754
ep 140 cost=$123 vmin=0.9506 viol=0.0% SQ=0.756
ep 150 cost=$130 vmin=0.9533 viol=0.0% SQ=0.810
ep 160 cost=$119 vmin=0.9512 viol=0.0% SQ=0.770
ep 170 cost=$116 vmin=0.9524 viol=0.0% SQ=0.746
ep 180 cost=$102 vmin=0.9546 viol=0.0% SQ=0.742
ep 190 cost=$126 vmin=0.9531 viol=0.0% SQ=0.789
ep 200 cost=$125 vmin=0.9529 viol=0.0% SQ=0.768
ep 210 cost=$131 vmin=0.9513 viol=0.0% SQ=0.768
ep 220 cost=$124 vmin=0.9531 viol=0.0% SQ=0.850
ep 230 cost=$156 vmin=0.9493 viol=0.1% SQ=0.807
ep 240 cost=$160 vmin=0.9512 viol=0.0% SQ=0.813
ep 250 cost=$142 vmin=0.9519 viol=0.0% SQ=0.841
ep 260 cost=$138 vmin=0.9538 viol=0.0% SQ=0.785
ep 270 cost=$137 vmin=0.9535 viol=0.0% SQ=0.786
ep 280 cost=$134 vmin=0.9528 viol=0.0% SQ=0.758
ep 290 cost=$137 vmin=0.9532 viol=0.0% SQ=0.817
ep 300 cost=$142 vmin=0.9512 viol=0.0% SQ=0.790
ep 310 cost=$128 vmin=0.9509 viol=0.0% SQ=0.732
ep 320 cost=$99 vmin=0.9531 viol=0.0% SQ=0.681
ep 330 cost=$121 vmin=0.9530 viol=0.0% SQ=0.731
ep 340 cost=$108 vmin=0.9523 viol=0.0% SQ=0.714
ep 350 cost=$122 vmin=0.9527 viol=0.0% SQ=0.776
ep 360 cost=$114 vmin=0.9523 viol=0.0% SQ=0.707
ep 370 cost=$117 vmin=0.9517 viol=0.0% SQ=0.736
ep 380 cost=$95 vmin=0.9544 viol=0.0% SQ=0.687
ep 390 cost=$111 vmin=0.9531 viol=0.0% SQ=0.675
ep 400 cost=$115 vmin=0.9520 viol=0.0% SQ=0.740
ep 410 cost=$101 vmin=0.9533 viol=0.0% SQ=0.706
ep 420 cost=$130 vmin=0.9517 viol=0.0% SQ=0.746
ep 430 cost=$118 vmin=0.9528 viol=0.0% SQ=0.728
ep 440 cost=$102 vmin=0.9526 viol=0.0% SQ=0.690
ep 450 cost=$116 vmin=0.9521 viol=0.0% SQ=0.699
ep 460 cost=$118 vmin=0.9528 viol=0.0% SQ=0.746
ep 470 cost=$112 vmin=0.9536 viol=0.0% SQ=0.736
ep 480 cost=$121 vmin=0.9529 viol=0.0% SQ=0.690
ep 490 cost=$109 vmin=0.9536 viol=0.0% SQ=0.700
ep 500 cost=$106 vmin=0.9535 viol=0.0% SQ=0.692
ep 510 cost=$95 vmin=0.9529 viol=0.0% SQ=0.679
ep 520 cost=$109 vmin=0.9520 viol=0.0% SQ=0.736
ep 530 cost=$114 vmin=0.9525 viol=0.0% SQ=0.764
ep 540 cost=$116 vmin=0.9512 viol=0.0% SQ=0.704
ep 550 cost=$101 vmin=0.9548 viol=0.0% SQ=0.719
ep 560 cost=$103 vmin=0.9533 viol=0.0% SQ=0.699
ep 570 cost=$92 vmin=0.9534 viol=0.0% SQ=0.668
ep 580 cost=$100 vmin=0.9538 viol=0.0% SQ=0.723
ep 590 cost=$92 vmin=0.9535 viol=0.0% SQ=0.703
done: /home/user/yawarb/nested-ev-grid/results/ppo_lag_ieee33_nrel_s0
