# /home/user/yawarb/nested-ev-grid/.venv/bin/python scripts/train.py --network ieee33 --dataset acn --episodes 600 --seed 0 --out /home/user/yawarb/nested-ev-grid/results/nested_ieee33_acn
/home/user/yawarb/nested-ev-grid/.venv/lib/python3.13/site-packages/torch/autograd/graph.py:882: UserWarning: CUDA initialization: The NVIDIA driver on your system is too old (found version 12080). Please update your GPU driver by downloading and installing a new version from the URL: http://www.nvidia.com/Download/index.aspx Alternatively, go to: https://pytorch.org to install a PyTorch version that has been compiled with your version of the CUDA driver. (Triggered internally at /pytorch/c10/cuda/CUDAFunctions.cpp:119.)
  return Variable._execution_engine.run_backward(  # Calls into the C++ engine to run the backward pass
ep   0 stage0 cost=$9 vmin=0.9547 Qact=0.00 curt=0.0 
ep  10 stage0 cost=$22 vmin=0.9551 Qact=0.00 curt=0.0 
ep  20 stage0 cost=$18 vmin=0.9553 Qact=0.00 curt=0.0 
ep  30 stage0 cost=$19 vmin=0.9550 Qact=0.00 curt=0.0 
ep  40 stage0 cost=$14 vmin=0.9544 Qact=0.00 curt=0.0 
ep  50 stage0 cost=$12 vmin=0.9547 Qact=0.00 curt=0.0 
ep  59 stage1 cost=$30 vmin=0.9534 Qact=0.00 curt=0.0 -> ADVANCED
ep  60 stage1 cost=$52 vmin=0.9547 Qact=0.00 curt=0.0 
ep  70 stage1 cost=$48 vmin=0.9529 Qact=0.00 curt=0.0 
ep  79 stage2 cost=$37 vmin=0.9546 Qact=0.00 curt=0.0 -> ADVANCED
ep  80 stage2 cost=$45 vmin=0.9548 Qact=0.00 curt=0.0 
ep  90 stage2 cost=$54 vmin=0.9529 Qact=0.00 curt=0.0 
ep 100 stage2 cost=$61 vmin=0.9526 Qact=0.00 curt=0.0 
ep 110 stage2 cost=$57 vmin=0.9537 Qact=0.00 curt=0.0 
ep 120 stage2 cost=$45 vmin=0.9542 Qact=0.00 curt=0.0 
ep 130 stage2 cost=$51 vmin=0.9516 Qact=0.00 curt=0.0 
ep 140 stage2 cost=$51 vmin=0.9505 Qact=0.00 curt=0.0 
ep 150 stage2 cost=$60 vmin=0.9520 Qact=0.00 curt=0.0 
ep 160 stage2 cost=$50 vmin=0.9539 Qact=0.00 curt=0.0 
ep 170 stage2 cost=$57 vmin=0.9520 Qact=0.00 curt=0.0 
ep 180 stage3 cost=$101 vmin=0.9502 Qact=0.00 curt=0.0 -> ADVANCED
ep 190 stage3 cost=$115 vmin=0.9501 Qact=0.00 curt=0.0 
ep 200 stage4 cost=$107 vmin=0.9505 Qact=0.00 curt=0.5 -> ADVANCED
ep 210 stage4 cost=$107 vmin=0.9501 Qact=0.00 curt=0.0 
ep 220 stage4 cost=$127 vmin=0.9501 Qact=0.00 curt=0.0 
ep 230 stage4 cost=$95 vmin=0.9501 Qact=0.00 curt=0.0 
ep 240 stage4 cost=$117 vmin=0.9520 Qact=0.00 curt=0.0 
ep 250 stage4 cost=$129 vmin=0.9502 Qact=0.00 curt=0.0 
ep 260 stage4 cost=$118 vmin=0.9505 Qact=0.00 curt=0.0 
ep 270 stage4 cost=$86 vmin=0.9527 Qact=0.00 curt=0.0 
ep 280 stage4 cost=$96 vmin=0.9502 Qact=0.00 curt=0.0 
ep 290 stage4 cost=$96 vmin=0.9515 Qact=0.00 curt=0.0 
ep 300 stage4 cost=$115 vmin=0.9509 Qact=0.00 curt=0.0 
ep 310 stage4 cost=$102 vmin=0.9502 Qact=0.00 curt=0.0 
ep 320 stage4 cost=$107 vmin=0.9505 Qact=0.00 curt=0.0 
ep 330 stage4 cost=$137 vmin=0.9500 Qact=0.00 curt=0.0 
ep 340 stage4 cost=$123 vmin=0.9503 Qact=0.00 curt=0.7 
ep 350 stage4 cost=$125 vmin=0.9502 Qact=0.00 curt=0.0 
ep 360 stage4 cost=$137 vmin=0.9506 Qact=0.00 curt=0.0 
ep 370 stage4 cost=$136 vmin=0.9503 Qact=0.00 curt=0.0 
ep 380 stage4 cost=$127 vmin=0.9504 Qact=0.00 curt=0.0 
ep 390 stage4 cost=$105 vmin=0.9508 Qact=0.00 curt=0.5 
ep 400 stage4 cost=$118 vmin=0.9501 Qact=0.00 curt=0.0 
ep 410 stage4 cost=$115 vmin=0.9500 Qact=0.00 curt=0.0 
ep 420 stage4 cost=$114 vmin=0.9501 Qact=0.00 curt=0.0 
ep 430 stage4 cost=$128 vmin=0.9500 Qact=0.00 curt=0.0 
ep 440 stage4 cost=$144 vmin=0.9502 Qact=0.00 curt=0.0 
ep 450 stage4 cost=$119 vmin=0.9503 Qact=0.00 curt=0.0 
ep 460 stage4 cost=$124 vmin=0.9508 Qact=0.00 curt=0.0 
ep 470 stage4 cost=$130 vmin=0.9502 Qact=0.00 curt=0.0 
ep 480 stage4 cost=$106 vmin=0.9514 Qact=0.00 curt=0.0 
ep 490 stage4 cost=$149 vmin=0.9501 Qact=0.01 curt=0.0 
ep 500 stage4 cost=$103 vmin=0.9514 Qact=0.00 curt=0.0 
ep 510 stage4 cost=$119 vmin=0.9503 Qact=0.00 curt=0.0 
ep 520 stage4 cost=$113 vmin=0.9507 Qact=0.00 curt=0.0 
ep 530 stage4 cost=$117 vmin=0.9500 Qact=0.00 curt=0.0 
ep 540 stage4 cost=$119 vmin=0.9506 Qact=0.00 curt=0.0 
ep 550 stage4 cost=$103 vmin=0.9517 Qact=0.00 curt=0.0 
ep 560 stage4 cost=$101 vmin=0.9534 Qact=0.00 curt=0.0 
ep 570 stage4 cost=$98 vmin=0.9529 Qact=0.00 curt=0.0 
ep 580 stage4 cost=$122 vmin=0.9508 Qact=0.00 curt=0.0 
ep 590 stage4 cost=$102 vmin=0.9513 Qact=0.00 curt=0.0 
{"done": true, "out": "/home/user/yawarb/nested-ev-grid/results/nested_ieee33_acn"}
