# /home/user/yawarb/nested-ev-grid/.venv/bin/python scripts/train_baseline.py --method cpo --episodes 600 --network ieee33 --dataset nrel --seed 0 --out /home/user/yawarb/nested-ev-grid/results/cpo_ieee33_nrel_s0
/home/user/yawarb/nested-ev-grid/.venv/lib/python3.13/site-packages/torch/autograd/graph.py:882: UserWarning: CUDA initialization: The NVIDIA driver on your system is too old (found version 12080). Please update your GPU driver by downloading and installing a new version from the URL: http://www.nvidia.com/Download/index.aspx Alternatively, go to: https://pytorch.org to install a PyTorch version that has been compiled with your version of the CUDA driver. (Triggered internally at /pytorch/c10/cuda/CUDAFunctions.cpp:119.)
  return Variable._execution_engine.run_backward(  # Calls into the C++ engine to run the backward pass
ep   0 cost=$137 vmin=0.9521 viol=0.0% SQ=0.853
ep  10 cost=$141 vmin=0.9528 viol=0.0% SQ=0.788
ep  20 cost=$127 vmin=0.9536 viol=0.0% SQ=0.772
ep  30 cost=$138 vmin=0.9522 viol=0.0% SQ=0.807
ep  40 cost=$139 vmin=0.9516 viol=0.0% SQ=0.791
ep  50 cost=$125 vmin=0.9530 viol=0.0% SQ=0.793
ep  60 cost=$145 vmin=0.9498 viol=0.1% SQ=0.814
ep  70 cost=$143 vmin=0.9516 viol=0.0% SQ=0.789
ep  80 cost=$127 vmin=0.9515 viol=0.0% SQ=0.787
ep  90 cost=$138 vmin=0.9519 viol=0.0% SQ=0.802
ep 100 cost=$132 vmin=0.9528 viol=0.0% SQ=0.811
ep 110 cost=$122 vmin=0.9524 viol=0.0% SQ=0.758
ep 120 cost=$127 vmin=0.9518 viol=0.0% SQ=0.799
ep 130 cost=$128 vmin=0.9509 viol=0.0% SQ=0.761
ep 140 cost=$128 vmin=0.9515 viol=0.0% SQ=0.772
ep 150 cost=$140 vmin=0.9524 viol=0.0% SQ=0.808
ep 160 cost=$138 vmin=0.9485 viol=0.1% SQ=0.828
ep 170 cost=$127 vmin=0.9513 viol=0.0% SQ=0.772
ep 180 cost=$115 vmin=0.9538 viol=0.0% SQ=0.774
ep 190 cost=$141 vmin=0.9517 viol=0.0% SQ=0.825
ep 200 cost=$127 vmin=0.9533 viol=0.0% SQ=0.773
ep 210 cost=$125 vmin=0.9521 viol=0.0% SQ=0.768
ep 220 cost=$129 vmin=0.9532 viol=0.0% SQ=0.842
ep 230 cost=$140 vmin=0.9514 viol=0.0% SQ=0.784
ep 240 cost=$143 vmin=0.9518 viol=0.0% SQ=0.805
ep 250 cost=$131 vmin=0.9517 viol=0.0% SQ=0.803
ep 260 cost=$129 vmin=0.9537 viol=0.0% SQ=0.789
ep 270 cost=$139 vmin=0.9531 viol=0.0% SQ=0.789
ep 280 cost=$142 vmin=0.9521 viol=0.0% SQ=0.815
ep 290 cost=$129 vmin=0.9528 viol=0.0% SQ=0.792
ep 300 cost=$140 vmin=0.9506 viol=0.0% SQ=0.805
ep 310 cost=$135 vmin=0.9508 viol=0.0% SQ=0.767
ep 320 cost=$126 vmin=0.9526 viol=0.0% SQ=0.793
ep 330 cost=$138 vmin=0.9528 viol=0.0% SQ=0.799
ep 340 cost=$119 vmin=0.9515 viol=0.0% SQ=0.760
ep 350 cost=$143 vmin=0.9524 viol=0.0% SQ=0.824
ep 360 cost=$124 vmin=0.9525 viol=0.0% SQ=0.792
ep 370 cost=$143 vmin=0.9515 viol=0.0% SQ=0.838
ep 380 cost=$116 vmin=0.9536 viol=0.0% SQ=0.751
ep 390 cost=$125 vmin=0.9521 viol=0.0% SQ=0.779
ep 400 cost=$134 vmin=0.9503 viol=0.0% SQ=0.808
ep 410 cost=$122 vmin=0.9534 viol=0.0% SQ=0.789
ep 420 cost=$143 vmin=0.9526 viol=0.0% SQ=0.794
ep 430 cost=$141 vmin=0.9527 viol=0.0% SQ=0.799
ep 440 cost=$134 vmin=0.9514 viol=0.0% SQ=0.809
ep 450 cost=$143 vmin=0.9518 viol=0.0% SQ=0.798
ep 460 cost=$146 vmin=0.9516 viol=0.0% SQ=0.800
ep 470 cost=$142 vmin=0.9515 viol=0.0% SQ=0.851
ep 480 cost=$140 vmin=0.9518 viol=0.0% SQ=0.755
ep 490 cost=$139 vmin=0.9521 viol=0.0% SQ=0.819
ep 500 cost=$136 vmin=0.9517 viol=0.0% SQ=0.768
ep 510 cost=$143 vmin=0.9514 viol=0.0% SQ=0.844
ep 520 cost=$141 vmin=0.9508 viol=0.0% SQ=0.803
ep 530 cost=$132 vmin=0.9494 viol=0.1% SQ=0.813
ep 540 cost=$141 vmin=0.9506 viol=0.0% SQ=0.797
ep 550 cost=$129 vmin=0.9528 viol=0.0% SQ=0.805
ep 560 cost=$133 vmin=0.9527 viol=0.0% SQ=0.790
ep 570 cost=$131 vmin=0.9534 viol=0.0% SQ=0.784
ep 580 cost=$127 vmin=0.9535 viol=0.0% SQ=0.786
ep 590 cost=$132 vmin=0.9521 viol=0.0% SQ=0.797
done: /home/user/yawarb/nested-ev-grid/results/cpo_ieee33_nrel_s0
