# /home/user/yawarb/nested-ev-grid/.venv/bin/python scripts/train.py --network ieee33 --dataset nrel --episodes 600 --seed 0 --out /home/user/yawarb/nested-ev-grid/results/nested_abl_no_curriculum --no_curriculum
/home/user/yawarb/nested-ev-grid/.venv/lib/python3.13/site-packages/torch/autograd/graph.py:882: UserWarning: CUDA initialization: The NVIDIA driver on your system is too old (found version 12080). Please update your GPU driver by downloading and installing a new version from the URL: http://www.nvidia.com/Download/index.aspx Alternatively, go to: https://pytorch.org to install a PyTorch version that has been compiled with your version of the CUDA driver. (Triggered internally at /pytorch/c10/cuda/CUDAFunctions.cpp:119.)
  return Variable._execution_engine.run_backward(  # Calls into the C++ engine to run the backward pass
ep   0 stage3 cost=$102 vmin=0.9516 Qact=0.00 curt=0.0 
ep  10 stage3 cost=$205 vmin=0.9500 Qact=0.01 curt=0.0 
ep  20 stage3 cost=$185 vmin=0.9511 Qact=0.00 curt=0.0 
ep  27 stage4 cost=$177 vmin=0.9500 Qact=0.01 curt=0.0 -> ADVANCED
ep  30 stage4 cost=$156 vmin=0.9524 Qact=0.00 curt=0.0 
ep  40 stage4 cost=$170 vmin=0.9508 Qact=0.00 curt=0.0 
ep  50 stage4 cost=$160 vmin=0.9501 Qact=0.00 curt=0.0 
ep  60 stage4 cost=$174 vmin=0.9501 Qact=0.00 curt=0.0 
ep  70 stage4 cost=$176 vmin=0.9500 Qact=0.00 curt=0.0 
ep  80 stage4 cost=$124 vmin=0.9501 Qact=0.00 curt=0.0 
ep  90 stage4 cost=$188 vmin=0.9501 Qact=0.03 curt=0.0 
ep 100 stage4 cost=$139 vmin=0.9500 Qact=0.00 curt=0.0 
ep 110 stage4 cost=$104 vmin=0.9515 Qact=0.00 curt=0.0 
ep 120 stage4 cost=$105 vmin=0.9524 Qact=0.00 curt=0.0 
ep 130 stage4 cost=$126 vmin=0.9503 Qact=0.00 curt=0.0 
ep 140 stage4 cost=$113 vmin=0.9537 Qact=0.00 curt=0.0 
ep 150 stage4 cost=$154 vmin=0.9500 Qact=0.00 curt=0.0 
ep 160 stage4 cost=$97 vmin=0.9515 Qact=0.00 curt=0.0 
ep 170 stage4 cost=$114 vmin=0.9537 Qact=0.00 curt=0.0 
ep 180 stage4 cost=$87 vmin=0.9537 Qact=0.00 curt=0.0 
ep 190 stage4 cost=$110 vmin=0.9535 Qact=0.00 curt=0.0 
ep 200 stage4 cost=$99 vmin=0.9528 Qact=0.00 curt=0.0 
ep 210 stage4 cost=$105 vmin=0.9543 Qact=0.00 curt=0.0 
ep 220 stage4 cost=$90 vmin=0.9547 Qact=0.00 curt=0.0 
ep 230 stage4 cost=$101 vmin=0.9529 Qact=0.00 curt=0.0 
ep 240 stage4 cost=$105 vmin=0.9518 Qact=0.00 curt=0.0 
ep 250 stage4 cost=$90 vmin=0.9541 Qact=0.00 curt=0.0 
ep 260 stage4 cost=$104 vmin=0.9545 Qact=0.00 curt=0.0 
ep 270 stage4 cost=$120 vmin=0.9502 Qact=0.00 curt=0.0 
ep 280 stage4 cost=$122 vmin=0.9538 Qact=0.00 curt=0.0 
ep 290 stage4 cost=$102 vmin=0.9529 Qact=0.00 curt=0.0 
ep 300 stage4 cost=$108 vmin=0.9523 Qact=0.00 curt=0.0 
ep 310 stage4 cost=$108 vmin=0.9538 Qact=0.00 curt=0.0 
ep 320 stage4 cost=$103 vmin=0.9546 Qact=0.00 curt=0.0 
ep 330 stage4 cost=$134 vmin=0.9528 Qact=0.00 curt=0.0 
ep 340 stage4 cost=$121 vmin=0.9536 Qact=0.00 curt=0.0 
ep 350 stage4 cost=$117 vmin=0.9535 Qact=0.00 curt=0.0 
ep 360 stage4 cost=$123 vmin=0.9523 Qact=0.00 curt=0.0 
ep 370 stage4 cost=$113 vmin=0.9554 Qact=0.00 curt=0.0 
ep 380 stage4 cost=$115 vmin=0.9534 Qact=0.00 curt=0.0 
ep 390 stage4 cost=$113 vmin=0.9532 Qact=0.00 curt=0.0 
ep 400 stage4 cost=$111 vmin=0.9534 Qact=0.00 curt=0.0 
ep 410 stage4 cost=$110 vmin=0.9517 Qact=0.00 curt=0.0 
ep 420 stage4 cost=$123 vmin=0.9536 Qact=0.00 curt=0.0 
ep 430 stage4 cost=$112 vmin=0.9538 Qact=0.00 curt=0.0 
ep 440 stage4 cost=$116 vmin=0.9532 Qact=0.00 curt=0.0 
ep 450 stage4 cost=$115 vmin=0.9532 Qact=0.00 curt=0.0 
ep 460 stage4 cost=$118 vmin=0.9543 Qact=0.00 curt=0.0 
ep 470 stage4 cost=$105 vmin=0.9533 Qact=0.00 curt=0.0 
ep 480 stage4 cost=$126 vmin=0.9524 Qact=0.00 curt=0.0 
ep 490 stage4 cost=$114 vmin=0.9546 Qact=0.00 curt=0.0 
ep 500 stage4 cost=$123 vmin=0.9546 Qact=0.00 curt=0.0 
ep 510 stage4 cost=$111 vmin=0.9535 Qact=0.00 curt=0.0 
ep 520 stage4 cost=$111 vmin=0.9527 Qact=0.00 curt=0.0 
ep 530 stage4 cost=$105 vmin=0.9538 Qact=0.00 curt=0.0 
ep 540 stage4 cost=$123 vmin=0.9529 Qact=0.00 curt=0.0 
ep 550 stage4 cost=$107 vmin=0.9535 Qact=0.00 curt=0.0 
ep 560 stage4 cost=$101 vmin=0.9550 Qact=0.00 curt=0.0 
ep 570 stage4 cost=$95 vmin=0.9537 Qact=0.00 curt=0.0 
ep 580 stage4 cost=$99 vmin=0.9530 Qact=0.00 curt=0.0 
ep 590 stage4 cost=$109 vmin=0.9534 Qact=0.00 curt=0.0 
{"done": true, "out": "/home/user/yawarb/nested-ev-grid/results/nested_abl_no_curriculum"}
