# /home/user/yawarb/nested-ev-grid/.venv/bin/python scripts/train_baseline.py --method hrl --episodes 600 --network ieee33 --dataset nrel --seed 0 --out /home/user/yawarb/nested-ev-grid/results/hrl_ieee33_nrel_s0
/home/user/yawarb/nested-ev-grid/.venv/lib/python3.13/site-packages/torch/autograd/graph.py:882: UserWarning: CUDA initialization: The NVIDIA driver on your system is too old (found version 12080). Please update your GPU driver by downloading and installing a new version from the URL: http://www.nvidia.com/Download/index.aspx Alternatively, go to: https://pytorch.org to install a PyTorch version that has been compiled with your version of the CUDA driver. (Triggered internally at /pytorch/c10/cuda/CUDAFunctions.cpp:119.)
  return Variable._execution_engine.run_backward(  # Calls into the C++ engine to run the backward pass
ep   0 cost=$143 vmin=0.9506 viol=0.0% SQ=0.866
ep  10 cost=$78 vmin=0.9527 viol=0.0% SQ=0.526
ep  20 cost=$77 vmin=0.9528 viol=0.0% SQ=0.680
ep  30 cost=$92 vmin=0.9544 viol=0.0% SQ=0.811
ep  40 cost=$107 vmin=0.9529 viol=0.0% SQ=0.803
ep  50 cost=$78 vmin=0.9550 viol=0.0% SQ=0.708
ep  60 cost=$82 vmin=0.9537 viol=0.0% SQ=0.736
ep  70 cost=$89 vmin=0.9546 viol=0.0% SQ=0.733
ep  80 cost=$88 vmin=0.9542 viol=0.0% SQ=0.752
ep  90 cost=$90 vmin=0.9536 viol=0.0% SQ=0.818
ep 100 cost=$80 vmin=0.9533 viol=0.0% SQ=0.742
ep 110 cost=$76 vmin=0.9522 viol=0.0% SQ=0.689
ep 120 cost=$68 vmin=0.9541 viol=0.0% SQ=0.666
ep 130 cost=$90 vmin=0.9539 viol=0.0% SQ=0.753
ep 140 cost=$84 vmin=0.9537 viol=0.0% SQ=0.697
ep 150 cost=$89 vmin=0.9510 viol=0.0% SQ=0.684
ep 160 cost=$79 vmin=0.9535 viol=0.0% SQ=0.771
ep 170 cost=$83 vmin=0.9528 viol=0.0% SQ=0.753
ep 180 cost=$75 vmin=0.9539 viol=0.0% SQ=0.723
ep 190 cost=$85 vmin=0.9543 viol=0.0% SQ=0.735
ep 200 cost=$87 vmin=0.9534 viol=0.0% SQ=0.734
ep 210 cost=$95 vmin=0.9545 viol=0.0% SQ=0.787
ep 220 cost=$74 vmin=0.9543 viol=0.0% SQ=0.676
ep 230 cost=$93 vmin=0.9518 viol=0.0% SQ=0.786
ep 240 cost=$91 vmin=0.9524 viol=0.0% SQ=0.771
ep 250 cost=$96 vmin=0.9534 viol=0.0% SQ=0.736
ep 260 cost=$92 vmin=0.9546 viol=0.0% SQ=0.751
ep 270 cost=$96 vmin=0.9543 viol=0.0% SQ=0.780
ep 280 cost=$101 vmin=0.9542 viol=0.0% SQ=0.781
ep 290 cost=$91 vmin=0.9526 viol=0.0% SQ=0.783
ep 300 cost=$97 vmin=0.9521 viol=0.0% SQ=0.783
ep 310 cost=$97 vmin=0.9533 viol=0.0% SQ=0.806
ep 320 cost=$87 vmin=0.9551 viol=0.0% SQ=0.793
ep 330 cost=$93 vmin=0.9527 viol=0.0% SQ=0.779
ep 340 cost=$89 vmin=0.9541 viol=0.0% SQ=0.775
ep 350 cost=$91 vmin=0.9539 viol=0.0% SQ=0.751
ep 360 cost=$94 vmin=0.9532 viol=0.0% SQ=0.781
ep 370 cost=$88 vmin=0.9557 viol=0.0% SQ=0.750
ep 380 cost=$92 vmin=0.9537 viol=0.0% SQ=0.774
ep 390 cost=$89 vmin=0.9535 viol=0.0% SQ=0.758
ep 400 cost=$88 vmin=0.9541 viol=0.0% SQ=0.772
ep 410 cost=$81 vmin=0.9531 viol=0.0% SQ=0.723
ep 420 cost=$92 vmin=0.9542 viol=0.0% SQ=0.726
ep 430 cost=$89 vmin=0.9546 viol=0.0% SQ=0.717
ep 440 cost=$87 vmin=0.9541 viol=0.0% SQ=0.751
ep 450 cost=$95 vmin=0.9537 viol=0.0% SQ=0.766
ep 460 cost=$105 vmin=0.9546 viol=0.0% SQ=0.714
ep 470 cost=$106 vmin=0.9533 viol=0.0% SQ=0.781
ep 480 cost=$109 vmin=0.9535 viol=0.0% SQ=0.725
ep 490 cost=$91 vmin=0.9546 viol=0.0% SQ=0.728
ep 500 cost=$103 vmin=0.9543 viol=0.0% SQ=0.739
ep 510 cost=$79 vmin=0.9539 viol=0.0% SQ=0.732
ep 520 cost=$94 vmin=0.9530 viol=0.0% SQ=0.803
ep 530 cost=$87 vmin=0.9544 viol=0.0% SQ=0.775
ep 540 cost=$119 vmin=0.9517 viol=0.0% SQ=0.817
ep 550 cost=$105 vmin=0.9538 viol=0.0% SQ=0.800
ep 560 cost=$108 vmin=0.9541 viol=0.0% SQ=0.863
ep 570 cost=$95 vmin=0.9542 viol=0.0% SQ=0.805
ep 580 cost=$109 vmin=0.9532 viol=0.0% SQ=0.818
ep 590 cost=$105 vmin=0.9531 viol=0.0% SQ=0.822
done: /home/user/yawarb/nested-ev-grid/results/hrl_ieee33_nrel_s0
