# /home/user/yawarb/nested-ev-grid/.venv/bin/python scripts/train_baseline.py --method flat_ddpg --episodes 600 --network ieee33 --dataset nrel --seed 0 --out /home/user/yawarb/nested-ev-grid/results/flat_ddpg_ieee33_nrel_s0
/home/user/yawarb/nested-ev-grid/.venv/lib/python3.13/site-packages/torch/autograd/graph.py:882: UserWarning: CUDA initialization: The NVIDIA driver on your system is too old (found version 12080). Please update your GPU driver by downloading and installing a new version from the URL: http://www.nvidia.com/Download/index.aspx Alternatively, go to: https://pytorch.org to install a PyTorch version that has been compiled with your version of the CUDA driver. (Triggered internally at /pytorch/c10/cuda/CUDAFunctions.cpp:119.)
  return Variable._execution_engine.run_backward(  # Calls into the C++ engine to run the backward pass
ep   0 cost=$133 vmin=0.9507 viol=0.0% SQ=0.845
ep  10 cost=$181 vmin=0.9517 viol=0.0% SQ=0.766
ep  20 cost=$160 vmin=0.9511 viol=0.0% SQ=0.775
ep  30 cost=$257 vmin=0.9495 viol=0.1% SQ=0.931
ep  40 cost=$262 vmin=0.9456 viol=1.5% SQ=0.918
ep  50 cost=$258 vmin=0.9478 viol=1.7% SQ=0.947
ep  60 cost=$232 vmin=0.9469 viol=0.8% SQ=0.894
ep  70 cost=$242 vmin=0.9477 viol=0.8% SQ=0.939
ep  80 cost=$166 vmin=0.9517 viol=0.0% SQ=0.867
ep  90 cost=$162 vmin=0.9521 viol=0.0% SQ=0.817
ep 100 cost=$139 vmin=0.9528 viol=0.0% SQ=0.836
ep 110 cost=$158 vmin=0.9532 viol=0.0% SQ=0.847
ep 120 cost=$106 vmin=0.9540 viol=0.0% SQ=0.785
ep 130 cost=$106 vmin=0.9521 viol=0.0% SQ=0.815
ep 140 cost=$89 vmin=0.9513 viol=0.0% SQ=0.701
ep 150 cost=$107 vmin=0.9531 viol=0.0% SQ=0.828
ep 160 cost=$145 vmin=0.9471 viol=0.7% SQ=0.867
ep 170 cost=$117 vmin=0.9527 viol=0.0% SQ=0.871
ep 180 cost=$136 vmin=0.9517 viol=0.0% SQ=0.853
ep 190 cost=$158 vmin=0.9512 viol=0.0% SQ=0.861
ep 200 cost=$145 vmin=0.9514 viol=0.0% SQ=0.790
ep 210 cost=$151 vmin=0.9511 viol=0.0% SQ=0.828
ep 220 cost=$129 vmin=0.9535 viol=0.0% SQ=0.858
ep 230 cost=$168 vmin=0.9509 viol=0.0% SQ=0.888
ep 240 cost=$163 vmin=0.9516 viol=0.0% SQ=0.872
ep 250 cost=$155 vmin=0.9509 viol=0.0% SQ=0.888
ep 260 cost=$115 vmin=0.9536 viol=0.0% SQ=0.862
ep 270 cost=$101 vmin=0.9549 viol=0.0% SQ=0.818
ep 280 cost=$105 vmin=0.9535 viol=0.0% SQ=0.820
ep 290 cost=$92 vmin=0.9543 viol=0.0% SQ=0.817
ep 300 cost=$119 vmin=0.9527 viol=0.0% SQ=0.833
ep 310 cost=$113 vmin=0.9516 viol=0.0% SQ=0.787
ep 320 cost=$111 vmin=0.9529 viol=0.0% SQ=0.838
ep 330 cost=$155 vmin=0.9513 viol=0.0% SQ=0.818
ep 340 cost=$150 vmin=0.9510 viol=0.0% SQ=0.902
ep 350 cost=$263 vmin=0.9479 viol=0.5% SQ=0.938
ep 360 cost=$246 vmin=0.9484 viol=0.3% SQ=0.944
ep 370 cost=$263 vmin=0.9478 viol=0.1% SQ=0.945
ep 380 cost=$279 vmin=0.9481 viol=0.4% SQ=0.964
ep 390 cost=$261 vmin=0.9487 viol=1.0% SQ=0.949
ep 400 cost=$256 vmin=0.9468 viol=1.7% SQ=0.927
ep 410 cost=$236 vmin=0.9491 viol=0.1% SQ=0.948
ep 420 cost=$284 vmin=0.9466 viol=2.5% SQ=0.947
ep 430 cost=$280 vmin=0.9486 viol=0.6% SQ=0.964
ep 440 cost=$290 vmin=0.9452 viol=2.8% SQ=0.980
ep 450 cost=$292 vmin=0.9467 viol=2.2% SQ=0.967
ep 460 cost=$253 vmin=0.9484 viol=0.1% SQ=0.933
ep 470 cost=$175 vmin=0.9516 viol=0.0% SQ=0.890
ep 480 cost=$181 vmin=0.9506 viol=0.0% SQ=0.866
ep 490 cost=$185 vmin=0.9506 viol=0.0% SQ=0.923
ep 500 cost=$174 vmin=0.9492 viol=0.1% SQ=0.883
ep 510 cost=$109 vmin=0.9530 viol=0.0% SQ=0.867
ep 520 cost=$112 vmin=0.9511 viol=0.0% SQ=0.820
ep 530 cost=$107 vmin=0.9523 viol=0.0% SQ=0.813
ep 540 cost=$126 vmin=0.9518 viol=0.0% SQ=0.837
ep 550 cost=$94 vmin=0.9551 viol=0.0% SQ=0.818
ep 560 cost=$84 vmin=0.9542 viol=0.0% SQ=0.829
ep 570 cost=$99 vmin=0.9536 viol=0.0% SQ=0.860
ep 580 cost=$109 vmin=0.9539 viol=0.0% SQ=0.833
ep 590 cost=$112 vmin=0.9531 viol=0.0% SQ=0.894
done: /home/user/yawarb/nested-ev-grid/results/flat_ddpg_ieee33_nrel_s0
