# /home/user/yawarb/nested-ev-grid/.venv/bin/python scripts/train.py --network ieee69 --dataset nrel --episodes 600 --seed 0 --out /home/user/yawarb/nested-ev-grid/results/nested_ieee69_nrel
/home/user/yawarb/nested-ev-grid/.venv/lib/python3.13/site-packages/torch/autograd/graph.py:882: UserWarning: CUDA initialization: The NVIDIA driver on your system is too old (found version 12080). Please update your GPU driver by downloading and installing a new version from the URL: http://www.nvidia.com/Download/index.aspx Alternatively, go to: https://pytorch.org to install a PyTorch version that has been compiled with your version of the CUDA driver. (Triggered internally at /pytorch/c10/cuda/CUDAFunctions.cpp:119.)
  return Variable._execution_engine.run_backward(  # Calls into the C++ engine to run the backward pass
ep   0 stage0 cost=$28 vmin=0.9534 Qact=0.00 curt=0.0 
ep  10 stage0 cost=$45 vmin=0.9523 Qact=0.00 curt=0.0 
ep  20 stage0 cost=$45 vmin=0.9518 Qact=0.00 curt=0.0 
ep  25 stage1 cost=$50 vmin=0.9525 Qact=0.00 curt=0.0 -> ADVANCED
ep  30 stage1 cost=$61 vmin=0.9532 Qact=0.00 curt=0.0 
ep  40 stage1 cost=$57 vmin=0.9518 Qact=0.00 curt=0.0 
ep  45 stage2 cost=$54 vmin=0.9514 Qact=0.00 curt=0.0 -> ADVANCED
ep  50 stage2 cost=$113 vmin=0.9503 Qact=0.00 curt=0.0 
ep  60 stage2 cost=$128 vmin=0.9508 Qact=0.00 curt=0.7 
ep  65 stage3 cost=$104 vmin=0.9506 Qact=0.00 curt=1.4 -> ADVANCED
ep  70 stage3 cost=$151 vmin=0.9525 Qact=0.00 curt=0.0 
ep  80 stage3 cost=$150 vmin=0.9500 Qact=0.00 curt=0.0 
ep  85 stage4 cost=$154 vmin=0.9509 Qact=0.00 curt=0.0 -> ADVANCED
ep  90 stage4 cost=$142 vmin=0.9508 Qact=0.00 curt=0.0 
ep 100 stage4 cost=$162 vmin=0.9506 Qact=0.00 curt=0.0 
ep 110 stage4 cost=$134 vmin=0.9520 Qact=0.00 curt=0.0 
ep 120 stage4 cost=$206 vmin=0.9513 Qact=0.00 curt=1.6 
ep 130 stage4 cost=$169 vmin=0.9501 Qact=0.00 curt=0.0 
ep 140 stage4 cost=$224 vmin=0.9501 Qact=0.00 curt=2.4 
ep 150 stage4 cost=$285 vmin=0.9506 Qact=0.00 curt=1.9 
ep 160 stage4 cost=$321 vmin=0.9506 Qact=0.00 curt=0.0 
ep 170 stage4 cost=$323 vmin=0.9502 Qact=0.00 curt=3.5 
ep 180 stage4 cost=$336 vmin=0.9515 Qact=0.00 curt=1.2 
ep 190 stage4 cost=$342 vmin=0.9502 Qact=0.00 curt=6.2 
ep 200 stage4 cost=$305 vmin=0.9501 Qact=0.00 curt=1.8 
ep 210 stage4 cost=$296 vmin=0.9502 Qact=0.00 curt=1.8 
ep 220 stage4 cost=$318 vmin=0.9501 Qact=0.00 curt=5.3 
ep 230 stage4 cost=$343 vmin=0.9502 Qact=0.00 curt=1.9 
ep 240 stage4 cost=$345 vmin=0.9504 Qact=0.00 curt=1.5 
ep 250 stage4 cost=$297 vmin=0.9500 Qact=0.00 curt=4.8 
ep 260 stage4 cost=$193 vmin=0.9510 Qact=0.00 curt=0.0 
ep 270 stage4 cost=$216 vmin=0.9510 Qact=0.00 curt=0.0 
ep 280 stage4 cost=$193 vmin=0.9512 Qact=0.00 curt=0.0 
ep 290 stage4 cost=$186 vmin=0.9506 Qact=0.00 curt=0.0 
ep 300 stage4 cost=$319 vmin=0.9504 Qact=0.00 curt=0.0 
ep 310 stage4 cost=$301 vmin=0.9502 Qact=0.00 curt=2.2 
ep 320 stage4 cost=$319 vmin=0.9507 Qact=0.00 curt=1.2 
ep 330 stage4 cost=$298 vmin=0.9502 Qact=0.00 curt=3.1 
ep 340 stage4 cost=$305 vmin=0.9509 Qact=0.00 curt=0.0 
ep 350 stage4 cost=$267 vmin=0.9502 Qact=0.00 curt=0.0 
ep 360 stage4 cost=$313 vmin=0.9506 Qact=0.00 curt=0.9 
ep 370 stage4 cost=$324 vmin=0.9503 Qact=0.00 curt=0.0 
ep 380 stage4 cost=$242 vmin=0.9508 Qact=0.00 curt=0.0 
ep 390 stage4 cost=$261 vmin=0.9500 Qact=0.00 curt=0.0 
ep 400 stage4 cost=$282 vmin=0.9504 Qact=0.00 curt=0.0 
ep 410 stage4 cost=$269 vmin=0.9504 Qact=0.00 curt=4.0 
ep 420 stage4 cost=$352 vmin=0.9501 Qact=0.00 curt=6.9 
ep 430 stage4 cost=$317 vmin=0.9500 Qact=0.01 curt=19.8 
ep 440 stage4 cost=$304 vmin=0.9505 Qact=0.00 curt=0.9 
ep 450 stage4 cost=$311 vmin=0.9502 Qact=0.00 curt=0.0 
ep 460 stage4 cost=$333 vmin=0.9501 Qact=0.00 curt=1.2 
ep 470 stage4 cost=$341 vmin=0.9503 Qact=0.00 curt=1.1 
ep 480 stage4 cost=$343 vmin=0.9500 Qact=0.01 curt=25.6 
ep 490 stage4 cost=$365 vmin=0.9502 Qact=0.00 curt=0.0 
ep 500 stage4 cost=$333 vmin=0.9501 Qact=0.00 curt=3.8 
ep 510 stage4 cost=$336 vmin=0.9500 Qact=0.00 curt=5.6 
ep 520 stage4 cost=$351 vmin=0.9509 Qact=0.00 curt=0.0 
ep 530 stage4 cost=$336 vmin=0.9500 Qact=0.01 curt=30.2 
ep 540 stage4 cost=$295 vmin=0.9506 Qact=0.00 curt=1.3 
ep 550 stage4 cost=$321 vmin=0.9501 Qact=0.01 curt=11.3 
ep 560 stage4 cost=$367 vmin=0.9500 Qact=0.01 curt=28.9 
ep 570 stage4 cost=$361 vmin=0.9500 Qact=0.00 curt=8.4 
ep 580 stage4 cost=$358 vmin=0.9502 Qact=0.00 curt=2.8 
ep 590 stage4 cost=$341 vmin=0.9498 Qact=0.01 curt=19.3 
{"done": true, "out": "/home/user/yawarb/nested-ev-grid/results/nested_ieee69_nrel"}
